Using pre-set license
Built from '2021.1/china_unity/release' branch; Version is '2021.1.17f1c1 (214149e7f07b) revision 2179401'; Using compiler version '192528614'; Build Type 'Release'
OS: 'Windows 10 Pro; OS build 19045.4046; Version 2009; 64bit' Language: 'zh' Physical Memory: 16293 MB
BatchMode: 1, IsHumanControllingUs: 0, StartBugReporterOnCrash: 0, Is64bit: 1, IsPro: 0

 COMMAND LINE ARGUMENTS:
D:\Work\UnityHub\Editor\2021.1.17f1c1\Editor\Unity.exe
-adb2
-batchMode
-noUpm
-name
AssetImportWorker1
-projectPath
D:/Personal/Project/SunMaoGit
-logFile
Logs/AssetImportWorker1.log
-srvPort
13117
Successfully changed project path to: D:/Personal/Project/SunMaoGit
D:/Personal/Project/SunMaoGit
Using Asset Import Pipeline V2.
Refreshing native plugins compatible for Editor in 117.73 ms, found 3 plugins.
Preloading 0 native plugins for Editor in 0.00 ms.
Initialize engine version: 2021.1.17f1c1 (214149e7f07b)
[Subsystems] Discovering subsystems at path D:/Work/UnityHub/Editor/2021.1.17f1c1/Editor/Data/Resources/UnitySubsystems
[Subsystems] Discovering subsystems at path D:/Personal/Project/SunMaoGit/Assets
GfxDevice: creating device client; threaded=0; jobified=0
Direct3D:
    Version:  Direct3D 11.0 [level 11.1]
    Renderer: NVIDIA GeForce RTX 2060 (ID=0x1f08)
    Vendor:   NVIDIA
    VRAM:     5968 MB
    Driver:   31.0.15.3623
Initialize mono
Mono path[0] = 'D:/Work/UnityHub/Editor/2021.1.17f1c1/Editor/Data/Managed'
Mono path[1] = 'D:/Work/UnityHub/Editor/2021.1.17f1c1/Editor/Data/MonoBleedingEdge/lib/mono/unityjit'
Mono config path = 'D:/Work/UnityHub/Editor/2021.1.17f1c1/Editor/Data/MonoBleedingEdge/etc'
Using monoOptions --debugger-agent=transport=dt_socket,embedding=1,server=y,suspend=n,address=127.0.0.1:56460
Begin MonoManager ReloadAssembly
Registering precompiled unity dll's ...
Register platform support module: D:/Work/UnityHub/Editor/2021.1.17f1c1/Editor/Data/PlaybackEngines/WindowsStandaloneSupport/UnityEditor.WindowsStandalone.Extensions.dll
Registered in 0.000964 seconds.
Native extension for WindowsStandalone target not found
Refreshing native plugins compatible for Editor in 103.00 ms, found 3 plugins.
Preloading 0 native plugins for Editor in 0.00 ms.
Mono: successfully reloaded assembly
- Completed reload, in  1.990 seconds
Domain Reload Profiling:
	ReloadAssembly (1991ms)
		BeginReloadAssembly (80ms)
			ExecutionOrderSort (0ms)
			DisableScriptedObjects (0ms)
			BackupInstance (0ms)
			ReleaseScriptingObjects (0ms)
			CreateAndSetChildDomain (1ms)
		EndReloadAssembly (547ms)
			LoadAssemblies (79ms)
			RebuildTransferFunctionScriptingTraits (0ms)
			SetupTypeCache (197ms)
			ReleaseScriptCaches (0ms)
			RebuildScriptCaches (36ms)
			SetupLoadedEditorAssemblies (262ms)
				LogAssemblyErrors (0ms)
				InitializePlatformSupportModulesInManaged (6ms)
				SetLoadedEditorAssemblies (0ms)
				RefreshPlugins (103ms)
				BeforeProcessingInitializeOnLoad (2ms)
				ProcessInitializeOnLoadAttributes (115ms)
				ProcessInitializeOnLoadMethodAttributes (35ms)
				AfterProcessingInitializeOnLoad (0ms)
				EditorAssembliesLoaded (0ms)
			ExecutionOrderSort2 (0ms)
			AwakeInstancesAfterBackupRestoration (0ms)
Platform modules already initialized, skipping
Registering precompiled user dll's ...
Registered in 0.003743 seconds.
Begin MonoManager ReloadAssembly
Symbol file LoadedFromMemory doesn't match image D:\Personal\Project\SunMaoGit\Library\PackageCache\com.unity.visualscripting@1.6.1\Editor\VisualScripting.Core\Dependencies\YamlDotNet\Unity.VisualScripting.YamlDotNet.dll
Symbol file LoadedFromMemory doesn't match image D:\Personal\Project\SunMaoGit\Library\PackageCache\com.unity.visualscripting@1.6.1\Editor\VisualScripting.Core\Dependencies\DotNetZip\Unity.VisualScripting.IonicZip.dll
Native extension for WindowsStandalone target not found
Refreshing native plugins compatible for Editor in 0.83 ms, found 3 plugins.
Preloading 0 native plugins for Editor in 0.00 ms.
Mono: successfully reloaded assembly
- Completed reload, in  1.424 seconds
Domain Reload Profiling:
	ReloadAssembly (1425ms)
		BeginReloadAssembly (180ms)
			ExecutionOrderSort (0ms)
			DisableScriptedObjects (6ms)
			BackupInstance (0ms)
			ReleaseScriptingObjects (0ms)
			CreateAndSetChildDomain (23ms)
		EndReloadAssembly (1181ms)
			LoadAssemblies (144ms)
			RebuildTransferFunctionScriptingTraits (0ms)
			SetupTypeCache (406ms)
			ReleaseScriptCaches (1ms)
			RebuildScriptCaches (55ms)
			SetupLoadedEditorAssemblies (473ms)
				LogAssemblyErrors (0ms)
				InitializePlatformSupportModulesInManaged (6ms)
				SetLoadedEditorAssemblies (0ms)
				RefreshPlugins (1ms)
				BeforeProcessingInitializeOnLoad (78ms)
				ProcessInitializeOnLoadAttributes (376ms)
				ProcessInitializeOnLoadMethodAttributes (9ms)
				AfterProcessingInitializeOnLoad (2ms)
				EditorAssembliesLoaded (0ms)
			ExecutionOrderSort2 (0ms)
			AwakeInstancesAfterBackupRestoration (8ms)
Platform modules already initialized, skipping
========================================================================
Worker process is ready to serve import requests
Launched and connected shader compiler UnityShaderCompiler.exe after 0.11 seconds
Refreshing native plugins compatible for Editor in 1.18 ms, found 3 plugins.
Preloading 0 native plugins for Editor in 0.00 ms.
Unloading 3145 Unused Serialized files (Serialized files now loaded: 0)
System memory in use before: 139.1 MB.
System memory in use after: 139.3 MB.

Unloading 22 unused Assets to reduce memory usage. Loaded Objects now: 3592.
Total: 5.190000 ms (FindLiveObjects: 0.421200 ms CreateObjectMapping: 0.290900 ms MarkObjects: 4.374400 ms  DeleteObjects: 0.101600 ms)

AssetImportParameters requested are different than current active one (requested -> active):
  custom:framework-win-MediaFoundation: 216162199b28c13a410421893ffa2e32 -> 
  custom:video-decoder-ogg-theora: a1e56fd34408186e4bbccfd4996cb3dc -> 
  custom:container-muxer-webm: aa71ff27fc2769a1b78a27578f13a17b -> 
  custom:container-demuxer-webm: 4f35f7cbe854078d1ac9338744f61a02 -> 
  custom:container-demuxer-ogg: 62fdf1f143b41e24485cea50d1cbac27 -> 
  custom:video-encoder-webm-vp8: eb34c28f22e8b96e1ab97ce403110664 -> 
  custom:video-decoder-webm-vp8: 9c59270c3fd7afecdb556c50c9e8de78 -> 
  custom:audio-decoder-ogg-vorbis: bf7c407c2cedff20999df2af8eb42d56 -> 
  custom:audio-encoder-webm-vorbis: bf7c407c2cedff20999df2af8eb42d56 -> 
========================================================================
Received Import Request.
  path: Assets/Resources/Prefabs/UI/Panel/MainPanel.prefab
  artifactKey: Guid(03106b8aa76adb548b86b0f9c3ddb8f3) Importer(815301076,1909f56bfc062723c751e8b465ee728b)
Start importing Assets/Resources/Prefabs/UI/Panel/MainPanel.prefab using Guid(03106b8aa76adb548b86b0f9c3ddb8f3) Importer(815301076,1909f56bfc062723c751e8b465ee728b)  -> (artifact id: 'a69eb2ad54b602116e06b35cda1e81fa') in 0.234157 seconds 
========================================================================
Received Import Request.
  Time since last request: 14.239085 seconds.
  path: Assets/Resources/Models/UIModel
  artifactKey: Guid(10d96b1eb70f3004aa2504c324bbe117) Importer(815301076,1909f56bfc062723c751e8b465ee728b)
Start importing Assets/Resources/Models/UIModel using Guid(10d96b1eb70f3004aa2504c324bbe117) Importer(815301076,1909f56bfc062723c751e8b465ee728b)  -> (artifact id: '2613ffabf70353a48ac92f958ccb7af8') in 0.003658 seconds 
========================================================================
Received Import Request.
  Time since last request: 10.625958 seconds.
  path: Assets/Resources/Models/UIModel/孔明锁.fbx
  artifactKey: Guid(952498c206debc0439b991a84b5c05a0) Importer(815301076,1909f56bfc062723c751e8b465ee728b)
Start importing Assets/Resources/Models/UIModel/孔明锁.fbx using Guid(952498c206debc0439b991a84b5c05a0) Importer(815301076,1909f56bfc062723c751e8b465ee728b)  -> (artifact id: '295fa391147962594fb8ebadc56fa58b') in 0.154745 seconds 
========================================================================
Received Import Request.
  Time since last request: 84.609848 seconds.
  path: Assets/Resources/Models/UIModel/孔明锁01.fbx
  artifactKey: Guid(f5e1ccd4040e64f4d891275576dcc95c) Importer(815301076,1909f56bfc062723c751e8b465ee728b)
Start importing Assets/Resources/Models/UIModel/孔明锁01.fbx using Guid(f5e1ccd4040e64f4d891275576dcc95c) Importer(815301076,1909f56bfc062723c751e8b465ee728b)  -> (artifact id: 'e5fe9b707e14e616cd3561c7d255e259') in 0.062682 seconds 
========================================================================
Received Import Request.
  Time since last request: 36.049686 seconds.
  path: Assets/Resources/Models/UIModel/孔明锁01.fbx
  artifactKey: Guid(f5e1ccd4040e64f4d891275576dcc95c) Importer(815301076,1909f56bfc062723c751e8b465ee728b)
Start importing Assets/Resources/Models/UIModel/孔明锁01.fbx using Guid(f5e1ccd4040e64f4d891275576dcc95c) Importer(815301076,1909f56bfc062723c751e8b465ee728b)  -> (artifact id: '76f6af16653d31f48244888c5fcb7a64') in 0.014955 seconds 
========================================================================
Received Import Request.
  Time since last request: 1.086996 seconds.
  path: Assets/Resources/Models/UIModel/Materials
  artifactKey: Guid(a425b3304a9d2584da9d417c88af069a) Importer(815301076,1909f56bfc062723c751e8b465ee728b)
Start importing Assets/Resources/Models/UIModel/Materials using Guid(a425b3304a9d2584da9d417c88af069a) Importer(815301076,1909f56bfc062723c751e8b465ee728b)  -> (artifact id: '88431cafd5457c2ccfd1d7bad2ee7bd5') in 0.002046 seconds 
========================================================================
Received Import Request.
  Time since last request: 67.339791 seconds.
  path: Assets/Resources/Models/UIModel/mutou02_diffuse.jpg
  artifactKey: Guid(6e1374c4ec8b0a34c9ba7759575f03cd) Importer(815301076,1909f56bfc062723c751e8b465ee728b)
Start importing Assets/Resources/Models/UIModel/mutou02_diffuse.jpg using Guid(6e1374c4ec8b0a34c9ba7759575f03cd) Importer(815301076,1909f56bfc062723c751e8b465ee728b)  -> (artifact id: 'b688039fb71d7450dc9cde11aac20050') in 0.083965 seconds 
========================================================================
Received Import Request.
  Time since last request: 248.582346 seconds.
  path: Assets/Resources/Models/UIModel/孔明锁01.fbx
  artifactKey: Guid(f5e1ccd4040e64f4d891275576dcc95c) Importer(815301076,1909f56bfc062723c751e8b465ee728b)
Start importing Assets/Resources/Models/UIModel/孔明锁01.fbx using Guid(f5e1ccd4040e64f4d891275576dcc95c) Importer(815301076,1909f56bfc062723c751e8b465ee728b)  -> (artifact id: 'b65fabab384529ebe9ef225f1872a296') in 0.025604 seconds 
========================================================================
Received Import Request.
  Time since last request: 7.844534 seconds.
  path: Assets/Resources/Models/UIModel/孔明锁01.fbx
  artifactKey: Guid(f5e1ccd4040e64f4d891275576dcc95c) Importer(815301076,1909f56bfc062723c751e8b465ee728b)
Start importing Assets/Resources/Models/UIModel/孔明锁01.fbx using Guid(f5e1ccd4040e64f4d891275576dcc95c) Importer(815301076,1909f56bfc062723c751e8b465ee728b)  -> (artifact id: 'b49495013459ff1f2834d27d4af53f73') in 0.014786 seconds 
AssetImportWorkerClient::OnTransportError - code=2 error=End of file
