Using pre-set license
Built from '2021.1/china_unity/release' branch; Version is '2021.1.17f1c1 (214149e7f07b) revision 2179401'; Using compiler version '192528614'; Build Type 'Release'
OS: 'Windows 10 Home China; OS build 19045.4170; Version 2009; 64bit' Language: 'zh' Physical Memory: 16251 MB
BatchMode: 1, IsHumanControllingUs: 0, StartBugReporterOnCrash: 0, Is64bit: 1, IsPro: 0

 COMMAND LINE ARGUMENTS:
D:\Unity\2021.1.17f1c1\Editor\Unity.exe
-adb2
-batchMode
-noUpm
-name
AssetImportWorker0
-projectPath
E:/Unity/3D Project/SunMaoQiaoJiang
-logFile
Logs/AssetImportWorker0.log
-srvPort
2790
Successfully changed project path to: E:/Unity/3D Project/SunMaoQiaoJiang
E:/Unity/3D Project/SunMaoQiaoJiang
Using Asset Import Pipeline V2.
Refreshing native plugins compatible for Editor in 79.63 ms, found 3 plugins.
Preloading 0 native plugins for Editor in 0.00 ms.
Initialize engine version: 2021.1.17f1c1 (214149e7f07b)
[Subsystems] Discovering subsystems at path D:/Unity/2021.1.17f1c1/Editor/Data/Resources/UnitySubsystems
[Subsystems] Discovering subsystems at path E:/Unity/3D Project/SunMaoQiaoJiang/Assets
GfxDevice: creating device client; threaded=0; jobified=0
Direct3D:
    Version:  Direct3D 11.0 [level 11.1]
    Renderer: NVIDIA GeForce GTX 1650 (ID=0x1f99)
    Vendor:   NVIDIA
    VRAM:     3962 MB
    Driver:   31.0.15.1700
Initialize mono
Mono path[0] = 'D:/Unity/2021.1.17f1c1/Editor/Data/Managed'
Mono path[1] = 'D:/Unity/2021.1.17f1c1/Editor/Data/MonoBleedingEdge/lib/mono/unityjit'
Mono config path = 'D:/Unity/2021.1.17f1c1/Editor/Data/MonoBleedingEdge/etc'
Using monoOptions --debugger-agent=transport=dt_socket,embedding=1,server=y,suspend=n,address=127.0.0.1:56200
Begin MonoManager ReloadAssembly
Registering precompiled unity dll's ...
Register platform support module: D:/Unity/2021.1.17f1c1/Editor/Data/PlaybackEngines/WindowsStandaloneSupport/UnityEditor.WindowsStandalone.Extensions.dll
Registered in 0.001049 seconds.
Native extension for WindowsStandalone target not found
Refreshing native plugins compatible for Editor in 80.45 ms, found 3 plugins.
Preloading 0 native plugins for Editor in 0.00 ms.
Mono: successfully reloaded assembly
- Completed reload, in  3.781 seconds
Domain Reload Profiling:
	ReloadAssembly (3781ms)
		BeginReloadAssembly (82ms)
			ExecutionOrderSort (0ms)
			DisableScriptedObjects (0ms)
			BackupInstance (0ms)
			ReleaseScriptingObjects (0ms)
			CreateAndSetChildDomain (1ms)
		EndReloadAssembly (420ms)
			LoadAssemblies (81ms)
			RebuildTransferFunctionScriptingTraits (0ms)
			SetupTypeCache (153ms)
			ReleaseScriptCaches (0ms)
			RebuildScriptCaches (26ms)
			SetupLoadedEditorAssemblies (203ms)
				LogAssemblyErrors (0ms)
				InitializePlatformSupportModulesInManaged (5ms)
				SetLoadedEditorAssemblies (0ms)
				RefreshPlugins (81ms)
				BeforeProcessingInitializeOnLoad (1ms)
				ProcessInitializeOnLoadAttributes (87ms)
				ProcessInitializeOnLoadMethodAttributes (29ms)
				AfterProcessingInitializeOnLoad (0ms)
				EditorAssembliesLoaded (0ms)
			ExecutionOrderSort2 (0ms)
			AwakeInstancesAfterBackupRestoration (0ms)
Platform modules already initialized, skipping
Registering precompiled user dll's ...
Registered in 0.006361 seconds.
Begin MonoManager ReloadAssembly
Symbol file LoadedFromMemory doesn't match image E:\Unity\3D Project\SunMaoQiaoJiang\Library\PackageCache\com.unity.visualscripting@1.6.1\Editor\VisualScripting.Core\Dependencies\YamlDotNet\Unity.VisualScripting.YamlDotNet.dll
Symbol file LoadedFromMemory doesn't match image E:\Unity\3D Project\SunMaoQiaoJiang\Library\PackageCache\com.unity.visualscripting@1.6.1\Editor\VisualScripting.Core\Dependencies\DotNetZip\Unity.VisualScripting.IonicZip.dll
Native extension for WindowsStandalone target not found
Refreshing native plugins compatible for Editor in 0.54 ms, found 3 plugins.
Preloading 0 native plugins for Editor in 0.00 ms.
Mono: successfully reloaded assembly
- Completed reload, in  1.101 seconds
Domain Reload Profiling:
	ReloadAssembly (1101ms)
		BeginReloadAssembly (161ms)
			ExecutionOrderSort (0ms)
			DisableScriptedObjects (5ms)
			BackupInstance (0ms)
			ReleaseScriptingObjects (0ms)
			CreateAndSetChildDomain (18ms)
		EndReloadAssembly (893ms)
			LoadAssemblies (109ms)
			RebuildTransferFunctionScriptingTraits (0ms)
			SetupTypeCache (325ms)
			ReleaseScriptCaches (1ms)
			RebuildScriptCaches (45ms)
			SetupLoadedEditorAssemblies (360ms)
				LogAssemblyErrors (0ms)
				InitializePlatformSupportModulesInManaged (4ms)
				SetLoadedEditorAssemblies (0ms)
				RefreshPlugins (1ms)
				BeforeProcessingInitializeOnLoad (61ms)
				ProcessInitializeOnLoadAttributes (286ms)
				ProcessInitializeOnLoadMethodAttributes (6ms)
				AfterProcessingInitializeOnLoad (2ms)
				EditorAssembliesLoaded (0ms)
			ExecutionOrderSort2 (0ms)
			AwakeInstancesAfterBackupRestoration (6ms)
Platform modules already initialized, skipping
========================================================================
Worker process is ready to serve import requests
Launched and connected shader compiler UnityShaderCompiler.exe after 0.06 seconds
Refreshing native plugins compatible for Editor in 0.54 ms, found 3 plugins.
Preloading 0 native plugins for Editor in 0.00 ms.
Unloading 3153 Unused Serialized files (Serialized files now loaded: 0)
System memory in use before: 142.2 MB.
System memory in use after: 142.4 MB.

Unloading 22 unused Assets to reduce memory usage. Loaded Objects now: 3599.
Total: 2.543100 ms (FindLiveObjects: 0.198200 ms CreateObjectMapping: 0.121300 ms MarkObjects: 2.142700 ms  DeleteObjects: 0.080200 ms)

AssetImportParameters requested are different than current active one (requested -> active):
  custom:framework-win-MediaFoundation: 216162199b28c13a410421893ffa2e32 -> 
  custom:video-decoder-ogg-theora: a1e56fd34408186e4bbccfd4996cb3dc -> 
  custom:container-muxer-webm: aa71ff27fc2769a1b78a27578f13a17b -> 
  custom:container-demuxer-webm: 4f35f7cbe854078d1ac9338744f61a02 -> 
  custom:container-demuxer-ogg: 62fdf1f143b41e24485cea50d1cbac27 -> 
  custom:video-encoder-webm-vp8: eb34c28f22e8b96e1ab97ce403110664 -> 
  custom:video-codec-MediaFoundation-h265: 746d11721c4dcdbdad8f713fa42b33f4 -> 
  custom:video-decoder-webm-vp8: 9c59270c3fd7afecdb556c50c9e8de78 -> 
  custom:audio-decoder-ogg-vorbis: bf7c407c2cedff20999df2af8eb42d56 -> 
  custom:audio-encoder-webm-vorbis: bf7c407c2cedff20999df2af8eb42d56 -> 
========================================================================
Received Import Request.
  path: Assets/Resources/Prefabs/UI/Panel/StartPanel.prefab
  artifactKey: Guid(6d588064692e9b4468af4bcf25bb0257) Importer(815301076,1909f56bfc062723c751e8b465ee728b)
Start importing Assets/Resources/Prefabs/UI/Panel/StartPanel.prefab using Guid(6d588064692e9b4468af4bcf25bb0257) Importer(815301076,1909f56bfc062723c751e8b465ee728b)  -> (artifact id: '7a6098dff58714dce2540f5dc3e0c578') in 0.092721 seconds 
========================================================================
Received Import Request.
  Time since last request: 18.458921 seconds.
  path: Assets/Resources/Prefabs/UI/Panel/StartPanel.prefab
  artifactKey: Guid(6d588064692e9b4468af4bcf25bb0257) Importer(815301076,1909f56bfc062723c751e8b465ee728b)
Start importing Assets/Resources/Prefabs/UI/Panel/StartPanel.prefab using Guid(6d588064692e9b4468af4bcf25bb0257) Importer(815301076,1909f56bfc062723c751e8b465ee728b)  -> (artifact id: 'd1af9d349828174c2683a05593c4855c') in 0.011410 seconds 
========================================================================
Received Import Request.
  Time since last request: 3.829005 seconds.
  path: Assets/Resources/Prefabs/UI/Panel/StartPanel.prefab
  artifactKey: Guid(6d588064692e9b4468af4bcf25bb0257) Importer(815301076,1909f56bfc062723c751e8b465ee728b)
Start importing Assets/Resources/Prefabs/UI/Panel/StartPanel.prefab using Guid(6d588064692e9b4468af4bcf25bb0257) Importer(815301076,1909f56bfc062723c751e8b465ee728b)  -> (artifact id: '2b536d50fcbf2cfdb0e623cc680656ae') in 0.009790 seconds 
========================================================================
Received Import Request.
  Time since last request: 4.614009 seconds.
  path: Assets/Resources/Prefabs/UI/Panel/StartPanel.prefab
  artifactKey: Guid(6d588064692e9b4468af4bcf25bb0257) Importer(815301076,1909f56bfc062723c751e8b465ee728b)
Start importing Assets/Resources/Prefabs/UI/Panel/StartPanel.prefab using Guid(6d588064692e9b4468af4bcf25bb0257) Importer(815301076,1909f56bfc062723c751e8b465ee728b)  -> (artifact id: '90c84813dae50c45360cff5189332326') in 0.009762 seconds 
========================================================================
Received Import Request.
  Time since last request: 40.352396 seconds.
  path: Assets/Resources/Prefabs/UI/Panel/StartPanel.prefab
  artifactKey: Guid(6d588064692e9b4468af4bcf25bb0257) Importer(815301076,1909f56bfc062723c751e8b465ee728b)
Start importing Assets/Resources/Prefabs/UI/Panel/StartPanel.prefab using Guid(6d588064692e9b4468af4bcf25bb0257) Importer(815301076,1909f56bfc062723c751e8b465ee728b)  -> (artifact id: '9fd4a13be4d134adf1982593cd794ba0') in 0.009744 seconds 
========================================================================
Received Import Request.
  Time since last request: 6.452137 seconds.
  path: Assets/Resources/Prefabs/UI/Panel/StartPanel.prefab
  artifactKey: Guid(6d588064692e9b4468af4bcf25bb0257) Importer(815301076,1909f56bfc062723c751e8b465ee728b)
Start importing Assets/Resources/Prefabs/UI/Panel/StartPanel.prefab using Guid(6d588064692e9b4468af4bcf25bb0257) Importer(815301076,1909f56bfc062723c751e8b465ee728b)  -> (artifact id: 'd67fa7f55af5bf6a62a80c45cc64ef84') in 0.010997 seconds 
========================================================================
Received Import Request.
  Time since last request: 289.027246 seconds.
  path: Assets/Resources/Prefabs/UI/Panel/StartPanel.prefab
  artifactKey: Guid(6d588064692e9b4468af4bcf25bb0257) Importer(815301076,1909f56bfc062723c751e8b465ee728b)
Start importing Assets/Resources/Prefabs/UI/Panel/StartPanel.prefab using Guid(6d588064692e9b4468af4bcf25bb0257) Importer(815301076,1909f56bfc062723c751e8b465ee728b)  -> (artifact id: '76578d154cef6609b26fec6aa343a4c9') in 0.010051 seconds 
========================================================================
Received Import Request.
  Time since last request: 3.006224 seconds.
  path: Assets/Resources/Prefabs/UI/Panel/StartPanel.prefab
  artifactKey: Guid(6d588064692e9b4468af4bcf25bb0257) Importer(815301076,1909f56bfc062723c751e8b465ee728b)
Start importing Assets/Resources/Prefabs/UI/Panel/StartPanel.prefab using Guid(6d588064692e9b4468af4bcf25bb0257) Importer(815301076,1909f56bfc062723c751e8b465ee728b)  -> (artifact id: '73eb2a496dbefad57ddbb513c905806a') in 0.010719 seconds 
========================================================================
Received Import Request.
  Time since last request: 20.984175 seconds.
  path: Assets/Resources/Prefabs/UI/Panel/StartPanel.prefab
  artifactKey: Guid(6d588064692e9b4468af4bcf25bb0257) Importer(815301076,1909f56bfc062723c751e8b465ee728b)
Start importing Assets/Resources/Prefabs/UI/Panel/StartPanel.prefab using Guid(6d588064692e9b4468af4bcf25bb0257) Importer(815301076,1909f56bfc062723c751e8b465ee728b)  -> (artifact id: 'c9fb4aec11d3c39d4212e7b07f6d3925') in 0.010321 seconds 
========================================================================
Received Import Request.
  Time since last request: 2.327987 seconds.
  path: Assets/Resources/Prefabs/UI/Panel/StartPanel.prefab
  artifactKey: Guid(6d588064692e9b4468af4bcf25bb0257) Importer(815301076,1909f56bfc062723c751e8b465ee728b)
Start importing Assets/Resources/Prefabs/UI/Panel/StartPanel.prefab using Guid(6d588064692e9b4468af4bcf25bb0257) Importer(815301076,1909f56bfc062723c751e8b465ee728b)  -> (artifact id: 'fb97c2d2a6ef252868fa8268ed40c744') in 0.009542 seconds 
========================================================================
Received Import Request.
  Time since last request: 1.986758 seconds.
  path: Assets/Resources/Prefabs/UI/Panel/StartPanel.prefab
  artifactKey: Guid(6d588064692e9b4468af4bcf25bb0257) Importer(815301076,1909f56bfc062723c751e8b465ee728b)
Start importing Assets/Resources/Prefabs/UI/Panel/StartPanel.prefab using Guid(6d588064692e9b4468af4bcf25bb0257) Importer(815301076,1909f56bfc062723c751e8b465ee728b)  -> (artifact id: '04d82ca05c1eaef6e90bb1b9dd6d72a9') in 0.009791 seconds 
========================================================================
Received Import Request.
  Time since last request: 14.942076 seconds.
  path: Assets/Resources/Prefabs/UI/Panel/StartPanel.prefab
  artifactKey: Guid(6d588064692e9b4468af4bcf25bb0257) Importer(815301076,1909f56bfc062723c751e8b465ee728b)
Start importing Assets/Resources/Prefabs/UI/Panel/StartPanel.prefab using Guid(6d588064692e9b4468af4bcf25bb0257) Importer(815301076,1909f56bfc062723c751e8b465ee728b)  -> (artifact id: '51c9af8e167493056d45f19afd510539') in 0.009755 seconds 
========================================================================
Received Import Request.
  Time since last request: 3.824472 seconds.
  path: Assets/Resources/Prefabs/UI/Panel/StartPanel.prefab
  artifactKey: Guid(6d588064692e9b4468af4bcf25bb0257) Importer(815301076,1909f56bfc062723c751e8b465ee728b)
Start importing Assets/Resources/Prefabs/UI/Panel/StartPanel.prefab using Guid(6d588064692e9b4468af4bcf25bb0257) Importer(815301076,1909f56bfc062723c751e8b465ee728b)  -> (artifact id: '249041c0af4e79ace0a4b018d780e6cd') in 0.009544 seconds 
========================================================================
Received Import Request.
  Time since last request: 2.197986 seconds.
  path: Assets/Resources/Prefabs/UI/Panel/StartPanel.prefab
  artifactKey: Guid(6d588064692e9b4468af4bcf25bb0257) Importer(815301076,1909f56bfc062723c751e8b465ee728b)
Start importing Assets/Resources/Prefabs/UI/Panel/StartPanel.prefab using Guid(6d588064692e9b4468af4bcf25bb0257) Importer(815301076,1909f56bfc062723c751e8b465ee728b)  -> (artifact id: 'b0dd6a7f6e3feae3a8425a44c8b0075c') in 0.009688 seconds 
========================================================================
Received Import Request.
  Time since last request: 5.844396 seconds.
  path: Assets/Resources/Prefabs/UI/Panel/StartPanel.prefab
  artifactKey: Guid(6d588064692e9b4468af4bcf25bb0257) Importer(815301076,1909f56bfc062723c751e8b465ee728b)
Start importing Assets/Resources/Prefabs/UI/Panel/StartPanel.prefab using Guid(6d588064692e9b4468af4bcf25bb0257) Importer(815301076,1909f56bfc062723c751e8b465ee728b)  -> (artifact id: '2f2b1e069e0f147750ae14a74ddd8b13') in 0.010433 seconds 
========================================================================
Received Import Request.
  Time since last request: 4.010255 seconds.
  path: Assets/Resources/Prefabs/UI/Panel/StartPanel.prefab
  artifactKey: Guid(6d588064692e9b4468af4bcf25bb0257) Importer(815301076,1909f56bfc062723c751e8b465ee728b)
Start importing Assets/Resources/Prefabs/UI/Panel/StartPanel.prefab using Guid(6d588064692e9b4468af4bcf25bb0257) Importer(815301076,1909f56bfc062723c751e8b465ee728b)  -> (artifact id: '4215d175bf1d61e2b26121c8ade581e8') in 0.009774 seconds 
========================================================================
Received Import Request.
  Time since last request: 1.006911 seconds.
  path: Assets/Resources/Prefabs/UI/Panel/StartPanel.prefab
  artifactKey: Guid(6d588064692e9b4468af4bcf25bb0257) Importer(815301076,1909f56bfc062723c751e8b465ee728b)
Start importing Assets/Resources/Prefabs/UI/Panel/StartPanel.prefab using Guid(6d588064692e9b4468af4bcf25bb0257) Importer(815301076,1909f56bfc062723c751e8b465ee728b)  -> (artifact id: 'f83e29a3ea726f269c5877b976b9f628') in 0.010651 seconds 
========================================================================
Received Import Request.
  Time since last request: 26.211134 seconds.
  path: Assets/Resources/Prefabs/UI/Panel/StartPanel.prefab
  artifactKey: Guid(6d588064692e9b4468af4bcf25bb0257) Importer(815301076,1909f56bfc062723c751e8b465ee728b)
Start importing Assets/Resources/Prefabs/UI/Panel/StartPanel.prefab using Guid(6d588064692e9b4468af4bcf25bb0257) Importer(815301076,1909f56bfc062723c751e8b465ee728b)  -> (artifact id: 'ccd1d1dc94c15e17e830a8f06421cd7a') in 0.010014 seconds 
========================================================================
Received Import Request.
  Time since last request: 2.802137 seconds.
  path: Assets/Resources/Prefabs/UI/Panel/StartPanel.prefab
  artifactKey: Guid(6d588064692e9b4468af4bcf25bb0257) Importer(815301076,1909f56bfc062723c751e8b465ee728b)
Start importing Assets/Resources/Prefabs/UI/Panel/StartPanel.prefab using Guid(6d588064692e9b4468af4bcf25bb0257) Importer(815301076,1909f56bfc062723c751e8b465ee728b)  -> (artifact id: '1d23d87ced374d05e00b6bd2d8e747d3') in 0.009689 seconds 
========================================================================
Received Import Request.
  Time since last request: 3.014806 seconds.
  path: Assets/Resources/Prefabs/UI/Panel/StartPanel.prefab
  artifactKey: Guid(6d588064692e9b4468af4bcf25bb0257) Importer(815301076,1909f56bfc062723c751e8b465ee728b)
Start importing Assets/Resources/Prefabs/UI/Panel/StartPanel.prefab using Guid(6d588064692e9b4468af4bcf25bb0257) Importer(815301076,1909f56bfc062723c751e8b465ee728b)  -> (artifact id: '275d819aaac52a67784898c5e419b19a') in 0.010183 seconds 
========================================================================
Received Import Request.
  Time since last request: 2.227279 seconds.
  path: Assets/Resources/Prefabs/UI/Panel/StartPanel.prefab
  artifactKey: Guid(6d588064692e9b4468af4bcf25bb0257) Importer(815301076,1909f56bfc062723c751e8b465ee728b)
Start importing Assets/Resources/Prefabs/UI/Panel/StartPanel.prefab using Guid(6d588064692e9b4468af4bcf25bb0257) Importer(815301076,1909f56bfc062723c751e8b465ee728b)  -> (artifact id: '8078dea495b6ea3eee70ca2ce9833fa5') in 0.009947 seconds 
========================================================================
Received Import Request.
  Time since last request: 2.393368 seconds.
  path: Assets/Resources/Prefabs/UI/Panel/StartPanel.prefab
  artifactKey: Guid(6d588064692e9b4468af4bcf25bb0257) Importer(815301076,1909f56bfc062723c751e8b465ee728b)
Start importing Assets/Resources/Prefabs/UI/Panel/StartPanel.prefab using Guid(6d588064692e9b4468af4bcf25bb0257) Importer(815301076,1909f56bfc062723c751e8b465ee728b)  -> (artifact id: 'fac93e782ffd74c63947f882a905c07d') in 0.010027 seconds 
========================================================================
Received Import Request.
  Time since last request: 1.192433 seconds.
  path: Assets/Resources/Prefabs/UI/Panel/StartPanel.prefab
  artifactKey: Guid(6d588064692e9b4468af4bcf25bb0257) Importer(815301076,1909f56bfc062723c751e8b465ee728b)
Start importing Assets/Resources/Prefabs/UI/Panel/StartPanel.prefab using Guid(6d588064692e9b4468af4bcf25bb0257) Importer(815301076,1909f56bfc062723c751e8b465ee728b)  -> (artifact id: 'd85acc478a5bce4189148c618aa8733d') in 0.009921 seconds 
========================================================================
Received Import Request.
  Time since last request: 3.014744 seconds.
  path: Assets/Resources/Prefabs/UI/Panel/StartPanel.prefab
  artifactKey: Guid(6d588064692e9b4468af4bcf25bb0257) Importer(815301076,1909f56bfc062723c751e8b465ee728b)
Start importing Assets/Resources/Prefabs/UI/Panel/StartPanel.prefab using Guid(6d588064692e9b4468af4bcf25bb0257) Importer(815301076,1909f56bfc062723c751e8b465ee728b)  -> (artifact id: '4727cf326e6634a47ddf4ab7a7537e15') in 0.009818 seconds 
========================================================================
Received Import Request.
  Time since last request: 20.818777 seconds.
  path: Assets/Resources/Prefabs/UI/Panel/StartPanel.prefab
  artifactKey: Guid(6d588064692e9b4468af4bcf25bb0257) Importer(815301076,1909f56bfc062723c751e8b465ee728b)
Start importing Assets/Resources/Prefabs/UI/Panel/StartPanel.prefab using Guid(6d588064692e9b4468af4bcf25bb0257) Importer(815301076,1909f56bfc062723c751e8b465ee728b)  -> (artifact id: '2cde154976e47d3fc272093f79c14f02') in 0.010323 seconds 
========================================================================
Received Import Request.
  Time since last request: 4.036113 seconds.
  path: Assets/Resources/Prefabs/UI/Panel/StartPanel.prefab
  artifactKey: Guid(6d588064692e9b4468af4bcf25bb0257) Importer(815301076,1909f56bfc062723c751e8b465ee728b)
Start importing Assets/Resources/Prefabs/UI/Panel/StartPanel.prefab using Guid(6d588064692e9b4468af4bcf25bb0257) Importer(815301076,1909f56bfc062723c751e8b465ee728b)  -> (artifact id: '77122780e6a433cb80ddab87549796bc') in 0.009333 seconds 
========================================================================
Received Import Request.
  Time since last request: 23.595100 seconds.
  path: Assets/Resources/Prefabs/UI/Panel/StartPanel.prefab
  artifactKey: Guid(6d588064692e9b4468af4bcf25bb0257) Importer(815301076,1909f56bfc062723c751e8b465ee728b)
Start importing Assets/Resources/Prefabs/UI/Panel/StartPanel.prefab using Guid(6d588064692e9b4468af4bcf25bb0257) Importer(815301076,1909f56bfc062723c751e8b465ee728b)  -> (artifact id: '32574957a9564d9fd4d693d2aac78019') in 0.008920 seconds 
========================================================================
Received Prepare
Registering precompiled user dll's ...
Registered in 0.004396 seconds.
Begin MonoManager ReloadAssembly
Symbol file LoadedFromMemory doesn't match image E:\Unity\3D Project\SunMaoQiaoJiang\Library\PackageCache\com.unity.visualscripting@1.6.1\Editor\VisualScripting.Core\Dependencies\YamlDotNet\Unity.VisualScripting.YamlDotNet.dll
Symbol file LoadedFromMemory doesn't match image E:\Unity\3D Project\SunMaoQiaoJiang\Library\PackageCache\com.unity.visualscripting@1.6.1\Editor\VisualScripting.Core\Dependencies\DotNetZip\Unity.VisualScripting.IonicZip.dll
Native extension for WindowsStandalone target not found
Refreshing native plugins compatible for Editor in 0.56 ms, found 3 plugins.
Preloading 0 native plugins for Editor in 0.00 ms.
Mono: successfully reloaded assembly
- Completed reload, in  1.026 seconds
Domain Reload Profiling:
	ReloadAssembly (1026ms)
		BeginReloadAssembly (135ms)
			ExecutionOrderSort (0ms)
			DisableScriptedObjects (3ms)
			BackupInstance (0ms)
			ReleaseScriptingObjects (0ms)
			CreateAndSetChildDomain (32ms)
		EndReloadAssembly (844ms)
			LoadAssemblies (106ms)
			RebuildTransferFunctionScriptingTraits (0ms)
			SetupTypeCache (316ms)
			ReleaseScriptCaches (1ms)
			RebuildScriptCaches (33ms)
			SetupLoadedEditorAssemblies (332ms)
				LogAssemblyErrors (0ms)
				InitializePlatformSupportModulesInManaged (4ms)
				SetLoadedEditorAssemblies (0ms)
				RefreshPlugins (1ms)
				BeforeProcessingInitializeOnLoad (47ms)
				ProcessInitializeOnLoadAttributes (272ms)
				ProcessInitializeOnLoadMethodAttributes (6ms)
				AfterProcessingInitializeOnLoad (2ms)
				EditorAssembliesLoaded (0ms)
			ExecutionOrderSort2 (0ms)
			AwakeInstancesAfterBackupRestoration (7ms)
Platform modules already initialized, skipping
Refreshing native plugins compatible for Editor in 0.60 ms, found 3 plugins.
Preloading 0 native plugins for Editor in 0.00 ms.
Unloading 3117 Unused Serialized files (Serialized files now loaded: 0)
System memory in use before: 139.1 MB.
System memory in use after: 139.4 MB.

Unloading 20 unused Assets to reduce memory usage. Loaded Objects now: 3603.
Total: 2.699400 ms (FindLiveObjects: 0.224400 ms CreateObjectMapping: 0.211100 ms MarkObjects: 2.241600 ms  DeleteObjects: 0.021600 ms)

AssetImportParameters requested are different than current active one (requested -> active):
  custom:framework-win-MediaFoundation: 216162199b28c13a410421893ffa2e32 -> 
  custom:video-decoder-ogg-theora: a1e56fd34408186e4bbccfd4996cb3dc -> 
  custom:container-muxer-webm: aa71ff27fc2769a1b78a27578f13a17b -> 
  custom:container-demuxer-webm: 4f35f7cbe854078d1ac9338744f61a02 -> 
  custom:container-demuxer-ogg: 62fdf1f143b41e24485cea50d1cbac27 -> 
  custom:video-encoder-webm-vp8: eb34c28f22e8b96e1ab97ce403110664 -> 
  custom:video-codec-MediaFoundation-h265: 746d11721c4dcdbdad8f713fa42b33f4 -> 
  custom:video-decoder-webm-vp8: 9c59270c3fd7afecdb556c50c9e8de78 -> 
  custom:audio-decoder-ogg-vorbis: bf7c407c2cedff20999df2af8eb42d56 -> 
  custom:audio-encoder-webm-vorbis: bf7c407c2cedff20999df2af8eb42d56 -> 
========================================================================
Received Import Request.
  Time since last request: 18.252703 seconds.
  path: Assets/Resources/Prefabs/UI/Panel/StartPanel.prefab
  artifactKey: Guid(6d588064692e9b4468af4bcf25bb0257) Importer(815301076,1909f56bfc062723c751e8b465ee728b)
Start importing Assets/Resources/Prefabs/UI/Panel/StartPanel.prefab using Guid(6d588064692e9b4468af4bcf25bb0257) Importer(815301076,1909f56bfc062723c751e8b465ee728b)  -> (artifact id: 'c0cff5f67f474bb13f37313e8cd758bf') in 0.054420 seconds 
========================================================================
Received Prepare
Registering precompiled user dll's ...
Registered in 0.009119 seconds.
Begin MonoManager ReloadAssembly
Symbol file LoadedFromMemory doesn't match image E:\Unity\3D Project\SunMaoQiaoJiang\Library\PackageCache\com.unity.visualscripting@1.6.1\Editor\VisualScripting.Core\Dependencies\YamlDotNet\Unity.VisualScripting.YamlDotNet.dll
Symbol file LoadedFromMemory doesn't match image E:\Unity\3D Project\SunMaoQiaoJiang\Library\PackageCache\com.unity.visualscripting@1.6.1\Editor\VisualScripting.Core\Dependencies\DotNetZip\Unity.VisualScripting.IonicZip.dll
Native extension for WindowsStandalone target not found
Refreshing native plugins compatible for Editor in 0.61 ms, found 3 plugins.
Preloading 0 native plugins for Editor in 0.00 ms.
Mono: successfully reloaded assembly
- Completed reload, in  1.225 seconds
Domain Reload Profiling:
	ReloadAssembly (1226ms)
		BeginReloadAssembly (157ms)
			ExecutionOrderSort (0ms)
			DisableScriptedObjects (4ms)
			BackupInstance (0ms)
			ReleaseScriptingObjects (0ms)
			CreateAndSetChildDomain (43ms)
		EndReloadAssembly (1012ms)
			LoadAssemblies (139ms)
			RebuildTransferFunctionScriptingTraits (0ms)
			SetupTypeCache (374ms)
			ReleaseScriptCaches (1ms)
			RebuildScriptCaches (42ms)
			SetupLoadedEditorAssemblies (389ms)
				LogAssemblyErrors (0ms)
				InitializePlatformSupportModulesInManaged (5ms)
				SetLoadedEditorAssemblies (0ms)
				RefreshPlugins (1ms)
				BeforeProcessingInitializeOnLoad (52ms)
				ProcessInitializeOnLoadAttributes (321ms)
				ProcessInitializeOnLoadMethodAttributes (8ms)
				AfterProcessingInitializeOnLoad (2ms)
				EditorAssembliesLoaded (0ms)
			ExecutionOrderSort2 (0ms)
			AwakeInstancesAfterBackupRestoration (8ms)
Platform modules already initialized, skipping
Refreshing native plugins compatible for Editor in 0.62 ms, found 3 plugins.
Preloading 0 native plugins for Editor in 0.00 ms.
Unloading 3117 Unused Serialized files (Serialized files now loaded: 0)
System memory in use before: 139.2 MB.
System memory in use after: 139.4 MB.

Unloading 20 unused Assets to reduce memory usage. Loaded Objects now: 3605.
Total: 3.367500 ms (FindLiveObjects: 0.391800 ms CreateObjectMapping: 0.224000 ms MarkObjects: 2.721000 ms  DeleteObjects: 0.029000 ms)

AssetImportParameters requested are different than current active one (requested -> active):
  custom:framework-win-MediaFoundation: 216162199b28c13a410421893ffa2e32 -> 
  custom:video-decoder-ogg-theora: a1e56fd34408186e4bbccfd4996cb3dc -> 
  custom:container-muxer-webm: aa71ff27fc2769a1b78a27578f13a17b -> 
  custom:container-demuxer-webm: 4f35f7cbe854078d1ac9338744f61a02 -> 
  custom:container-demuxer-ogg: 62fdf1f143b41e24485cea50d1cbac27 -> 
  custom:video-encoder-webm-vp8: eb34c28f22e8b96e1ab97ce403110664 -> 
  custom:video-codec-MediaFoundation-h265: 746d11721c4dcdbdad8f713fa42b33f4 -> 
  custom:video-decoder-webm-vp8: 9c59270c3fd7afecdb556c50c9e8de78 -> 
  custom:audio-decoder-ogg-vorbis: bf7c407c2cedff20999df2af8eb42d56 -> 
  custom:audio-encoder-webm-vorbis: bf7c407c2cedff20999df2af8eb42d56 -> 
========================================================================
Received Prepare
Registering precompiled user dll's ...
Registered in 0.004703 seconds.
Begin MonoManager ReloadAssembly
Symbol file LoadedFromMemory doesn't match image E:\Unity\3D Project\SunMaoQiaoJiang\Library\PackageCache\com.unity.visualscripting@1.6.1\Editor\VisualScripting.Core\Dependencies\YamlDotNet\Unity.VisualScripting.YamlDotNet.dll
Symbol file LoadedFromMemory doesn't match image E:\Unity\3D Project\SunMaoQiaoJiang\Library\PackageCache\com.unity.visualscripting@1.6.1\Editor\VisualScripting.Core\Dependencies\DotNetZip\Unity.VisualScripting.IonicZip.dll
Native extension for WindowsStandalone target not found
Refreshing native plugins compatible for Editor in 1.62 ms, found 3 plugins.
Preloading 0 native plugins for Editor in 0.00 ms.
Mono: successfully reloaded assembly
- Completed reload, in  1.118 seconds
Domain Reload Profiling:
	ReloadAssembly (1118ms)
		BeginReloadAssembly (162ms)
			ExecutionOrderSort (0ms)
			DisableScriptedObjects (4ms)
			BackupInstance (0ms)
			ReleaseScriptingObjects (0ms)
			CreateAndSetChildDomain (38ms)
		EndReloadAssembly (898ms)
			LoadAssemblies (130ms)
			RebuildTransferFunctionScriptingTraits (0ms)
			SetupTypeCache (335ms)
			ReleaseScriptCaches (1ms)
			RebuildScriptCaches (36ms)
			SetupLoadedEditorAssemblies (347ms)
				LogAssemblyErrors (0ms)
				InitializePlatformSupportModulesInManaged (7ms)
				SetLoadedEditorAssemblies (1ms)
				RefreshPlugins (2ms)
				BeforeProcessingInitializeOnLoad (53ms)
				ProcessInitializeOnLoadAttributes (277ms)
				ProcessInitializeOnLoadMethodAttributes (6ms)
				AfterProcessingInitializeOnLoad (2ms)
				EditorAssembliesLoaded (0ms)
			ExecutionOrderSort2 (0ms)
			AwakeInstancesAfterBackupRestoration (6ms)
Platform modules already initialized, skipping
Refreshing native plugins compatible for Editor in 0.61 ms, found 3 plugins.
Preloading 0 native plugins for Editor in 0.00 ms.
Unloading 3117 Unused Serialized files (Serialized files now loaded: 0)
System memory in use before: 139.2 MB.
System memory in use after: 139.4 MB.

Unloading 17 unused Assets to reduce memory usage. Loaded Objects now: 3607.
Total: 3.128000 ms (FindLiveObjects: 0.249700 ms CreateObjectMapping: 0.178800 ms MarkObjects: 2.679600 ms  DeleteObjects: 0.018900 ms)

AssetImportParameters requested are different than current active one (requested -> active):
  custom:framework-win-MediaFoundation: 216162199b28c13a410421893ffa2e32 -> 
  custom:video-decoder-ogg-theora: a1e56fd34408186e4bbccfd4996cb3dc -> 
  custom:container-muxer-webm: aa71ff27fc2769a1b78a27578f13a17b -> 
  custom:container-demuxer-webm: 4f35f7cbe854078d1ac9338744f61a02 -> 
  custom:container-demuxer-ogg: 62fdf1f143b41e24485cea50d1cbac27 -> 
  custom:video-encoder-webm-vp8: eb34c28f22e8b96e1ab97ce403110664 -> 
  custom:video-codec-MediaFoundation-h265: 746d11721c4dcdbdad8f713fa42b33f4 -> 
  custom:video-decoder-webm-vp8: 9c59270c3fd7afecdb556c50c9e8de78 -> 
  custom:audio-decoder-ogg-vorbis: bf7c407c2cedff20999df2af8eb42d56 -> 
  custom:audio-encoder-webm-vorbis: bf7c407c2cedff20999df2af8eb42d56 -> 
========================================================================
Received Import Request.
  Time since last request: 554.826357 seconds.
  path: Assets/Resources/Prefabs/UI/Panel/StartPanel.prefab
  artifactKey: Guid(6d588064692e9b4468af4bcf25bb0257) Importer(815301076,1909f56bfc062723c751e8b465ee728b)
Start importing Assets/Resources/Prefabs/UI/Panel/StartPanel.prefab using Guid(6d588064692e9b4468af4bcf25bb0257) Importer(815301076,1909f56bfc062723c751e8b465ee728b)  -> (artifact id: '3ec59a5d04fff2d1042423b6b7df221d') in 0.059715 seconds 
========================================================================
Received Import Request.
  Time since last request: 15.059357 seconds.
  path: Assets/Resources/Prefabs/UI/Panel/StartPanel.prefab
  artifactKey: Guid(6d588064692e9b4468af4bcf25bb0257) Importer(815301076,1909f56bfc062723c751e8b465ee728b)
Start importing Assets/Resources/Prefabs/UI/Panel/StartPanel.prefab using Guid(6d588064692e9b4468af4bcf25bb0257) Importer(815301076,1909f56bfc062723c751e8b465ee728b)  -> (artifact id: '3929a20e4269f3026de65b62b0a4091a') in 0.009915 seconds 
========================================================================
Received Import Request.
  Time since last request: 15.209635 seconds.
  path: Assets/Resources/Prefabs/UI/Panel/StartPanel.prefab
  artifactKey: Guid(6d588064692e9b4468af4bcf25bb0257) Importer(815301076,1909f56bfc062723c751e8b465ee728b)
Start importing Assets/Resources/Prefabs/UI/Panel/StartPanel.prefab using Guid(6d588064692e9b4468af4bcf25bb0257) Importer(815301076,1909f56bfc062723c751e8b465ee728b)  -> (artifact id: '1d0514872d83d8acb24c9cef7717ddff') in 0.011284 seconds 
========================================================================
Received Import Request.
  Time since last request: 20.782410 seconds.
  path: Assets/Resources/Prefabs/UI/Panel/StartPanel.prefab
  artifactKey: Guid(6d588064692e9b4468af4bcf25bb0257) Importer(815301076,1909f56bfc062723c751e8b465ee728b)
Start importing Assets/Resources/Prefabs/UI/Panel/StartPanel.prefab using Guid(6d588064692e9b4468af4bcf25bb0257) Importer(815301076,1909f56bfc062723c751e8b465ee728b)  -> (artifact id: '8b796772f9d6ffa556b363a63beb8913') in 0.009105 seconds 
========================================================================
Received Import Request.
  Time since last request: 38.776979 seconds.
  path: Assets/Resources/Prefabs/UI/Panel/StartPanel.prefab
  artifactKey: Guid(6d588064692e9b4468af4bcf25bb0257) Importer(815301076,1909f56bfc062723c751e8b465ee728b)
Start importing Assets/Resources/Prefabs/UI/Panel/StartPanel.prefab using Guid(6d588064692e9b4468af4bcf25bb0257) Importer(815301076,1909f56bfc062723c751e8b465ee728b)  -> (artifact id: '90de7a10e061b5404035a78dc6ca6f52') in 0.010081 seconds 
========================================================================
Received Import Request.
  Time since last request: 5.231444 seconds.
  path: Assets/Resources/Prefabs/UI/Panel/StartPanel.prefab
  artifactKey: Guid(6d588064692e9b4468af4bcf25bb0257) Importer(815301076,1909f56bfc062723c751e8b465ee728b)
Start importing Assets/Resources/Prefabs/UI/Panel/StartPanel.prefab using Guid(6d588064692e9b4468af4bcf25bb0257) Importer(815301076,1909f56bfc062723c751e8b465ee728b)  -> (artifact id: 'eb9e01676d5f9bccc52dc229ac899de4') in 0.009530 seconds 
========================================================================
Received Import Request.
  Time since last request: 1.796281 seconds.
  path: Assets/Resources/Prefabs/UI/Panel/StartPanel.prefab
  artifactKey: Guid(6d588064692e9b4468af4bcf25bb0257) Importer(815301076,1909f56bfc062723c751e8b465ee728b)
Start importing Assets/Resources/Prefabs/UI/Panel/StartPanel.prefab using Guid(6d588064692e9b4468af4bcf25bb0257) Importer(815301076,1909f56bfc062723c751e8b465ee728b)  -> (artifact id: 'fc5a39a864df7fdffd01fb61c1db963f') in 0.009973 seconds 
========================================================================
Received Import Request.
  Time since last request: 5.245411 seconds.
  path: Assets/Resources/Prefabs/UI/Panel/StartPanel.prefab
  artifactKey: Guid(6d588064692e9b4468af4bcf25bb0257) Importer(815301076,1909f56bfc062723c751e8b465ee728b)
Start importing Assets/Resources/Prefabs/UI/Panel/StartPanel.prefab using Guid(6d588064692e9b4468af4bcf25bb0257) Importer(815301076,1909f56bfc062723c751e8b465ee728b)  -> (artifact id: 'e219ebcc40c9e38dfd3b8de858396e43') in 0.009330 seconds 
========================================================================
Received Import Request.
  Time since last request: 3.213164 seconds.
  path: Assets/Resources/Prefabs/UI/Panel/StartPanel.prefab
  artifactKey: Guid(6d588064692e9b4468af4bcf25bb0257) Importer(815301076,1909f56bfc062723c751e8b465ee728b)
Start importing Assets/Resources/Prefabs/UI/Panel/StartPanel.prefab using Guid(6d588064692e9b4468af4bcf25bb0257) Importer(815301076,1909f56bfc062723c751e8b465ee728b)  -> (artifact id: 'd87614ef851ac957d2601c56ea6a0c76') in 0.010861 seconds 
========================================================================
Received Import Request.
  Time since last request: 1.802096 seconds.
  path: Assets/Resources/Prefabs/UI/Panel/StartPanel.prefab
  artifactKey: Guid(6d588064692e9b4468af4bcf25bb0257) Importer(815301076,1909f56bfc062723c751e8b465ee728b)
Start importing Assets/Resources/Prefabs/UI/Panel/StartPanel.prefab using Guid(6d588064692e9b4468af4bcf25bb0257) Importer(815301076,1909f56bfc062723c751e8b465ee728b)  -> (artifact id: '7ddba26e9a88a048ba2795afadacca56') in 0.009830 seconds 
========================================================================
Received Import Request.
  Time since last request: 2.403929 seconds.
  path: Assets/Resources/Prefabs/UI/Panel/StartPanel.prefab
  artifactKey: Guid(6d588064692e9b4468af4bcf25bb0257) Importer(815301076,1909f56bfc062723c751e8b465ee728b)
Start importing Assets/Resources/Prefabs/UI/Panel/StartPanel.prefab using Guid(6d588064692e9b4468af4bcf25bb0257) Importer(815301076,1909f56bfc062723c751e8b465ee728b)  -> (artifact id: '4cdde56c43225f560e59a17b75d51eed') in 0.011501 seconds 
========================================================================
Received Import Request.
  Time since last request: 8.533187 seconds.
  path: Assets/Resources/Prefabs/UI/Panel/StartPanel.prefab
  artifactKey: Guid(6d588064692e9b4468af4bcf25bb0257) Importer(815301076,1909f56bfc062723c751e8b465ee728b)
Start importing Assets/Resources/Prefabs/UI/Panel/StartPanel.prefab using Guid(6d588064692e9b4468af4bcf25bb0257) Importer(815301076,1909f56bfc062723c751e8b465ee728b)  -> (artifact id: 'fa018e879dc96e8abb630d40f27610f7') in 0.009482 seconds 
========================================================================
Received Import Request.
  Time since last request: 11.707578 seconds.
  path: Assets/Resources/Prefabs/UI/Panel/StartPanel.prefab
  artifactKey: Guid(6d588064692e9b4468af4bcf25bb0257) Importer(815301076,1909f56bfc062723c751e8b465ee728b)
Start importing Assets/Resources/Prefabs/UI/Panel/StartPanel.prefab using Guid(6d588064692e9b4468af4bcf25bb0257) Importer(815301076,1909f56bfc062723c751e8b465ee728b)  -> (artifact id: 'd43e3196b7780ae7488a91b824d0f84f') in 0.009462 seconds 
========================================================================
Received Import Request.
  Time since last request: 0.584746 seconds.
  path: Assets/Resources/Prefabs/UI/Panel/StartPanel.prefab
  artifactKey: Guid(6d588064692e9b4468af4bcf25bb0257) Importer(815301076,1909f56bfc062723c751e8b465ee728b)
Start importing Assets/Resources/Prefabs/UI/Panel/StartPanel.prefab using Guid(6d588064692e9b4468af4bcf25bb0257) Importer(815301076,1909f56bfc062723c751e8b465ee728b)  -> (artifact id: '221ef2fb252880e3158e49237dd2ac84') in 0.009943 seconds 
========================================================================
Received Import Request.
  Time since last request: 4.442840 seconds.
  path: Assets/Resources/Prefabs/UI/Panel/StartPanel.prefab
  artifactKey: Guid(6d588064692e9b4468af4bcf25bb0257) Importer(815301076,1909f56bfc062723c751e8b465ee728b)
Start importing Assets/Resources/Prefabs/UI/Panel/StartPanel.prefab using Guid(6d588064692e9b4468af4bcf25bb0257) Importer(815301076,1909f56bfc062723c751e8b465ee728b)  -> (artifact id: 'eddd89f7678ec739241f18941fce8ba9') in 0.009723 seconds 
========================================================================
Received Import Request.
  Time since last request: 2.477631 seconds.
  path: Assets/Resources/Prefabs/UI/Panel/StartPanel.prefab
  artifactKey: Guid(6d588064692e9b4468af4bcf25bb0257) Importer(815301076,1909f56bfc062723c751e8b465ee728b)
Start importing Assets/Resources/Prefabs/UI/Panel/StartPanel.prefab using Guid(6d588064692e9b4468af4bcf25bb0257) Importer(815301076,1909f56bfc062723c751e8b465ee728b)  -> (artifact id: '7482781727807c33ac8311e7a8c59060') in 0.009790 seconds 
========================================================================
Received Import Request.
  Time since last request: 8.371423 seconds.
  path: Assets/Resources/Prefabs/UI/Panel/StartPanel.prefab
  artifactKey: Guid(6d588064692e9b4468af4bcf25bb0257) Importer(815301076,1909f56bfc062723c751e8b465ee728b)
Start importing Assets/Resources/Prefabs/UI/Panel/StartPanel.prefab using Guid(6d588064692e9b4468af4bcf25bb0257) Importer(815301076,1909f56bfc062723c751e8b465ee728b)  -> (artifact id: 'b053f4d86db1eeb6a284534fdfbb27f4') in 0.009567 seconds 
========================================================================
Received Import Request.
  Time since last request: 13.785710 seconds.
  path: Assets/Resources/Prefabs/UI/Panel/StartPanel.prefab
  artifactKey: Guid(6d588064692e9b4468af4bcf25bb0257) Importer(815301076,1909f56bfc062723c751e8b465ee728b)
Start importing Assets/Resources/Prefabs/UI/Panel/StartPanel.prefab using Guid(6d588064692e9b4468af4bcf25bb0257) Importer(815301076,1909f56bfc062723c751e8b465ee728b)  -> (artifact id: '34e55c428f0bcbad632841fc32d54026') in 0.009327 seconds 
========================================================================
Received Import Request.
  Time since last request: 5.224295 seconds.
  path: Assets/Resources/Prefabs/UI/Panel/StartPanel.prefab
  artifactKey: Guid(6d588064692e9b4468af4bcf25bb0257) Importer(815301076,1909f56bfc062723c751e8b465ee728b)
Start importing Assets/Resources/Prefabs/UI/Panel/StartPanel.prefab using Guid(6d588064692e9b4468af4bcf25bb0257) Importer(815301076,1909f56bfc062723c751e8b465ee728b)  -> (artifact id: '4be92757d41f54513cbd8fe5482efe29') in 0.010729 seconds 
========================================================================
Received Import Request.
  Time since last request: 3.215580 seconds.
  path: Assets/Resources/Prefabs/UI/Panel/StartPanel.prefab
  artifactKey: Guid(6d588064692e9b4468af4bcf25bb0257) Importer(815301076,1909f56bfc062723c751e8b465ee728b)
Start importing Assets/Resources/Prefabs/UI/Panel/StartPanel.prefab using Guid(6d588064692e9b4468af4bcf25bb0257) Importer(815301076,1909f56bfc062723c751e8b465ee728b)  -> (artifact id: '4acc04b7aba07405aca2af4fe7a8239d') in 0.012069 seconds 
========================================================================
Received Import Request.
  Time since last request: 2.405494 seconds.
  path: Assets/Resources/Prefabs/UI/Panel/StartPanel.prefab
  artifactKey: Guid(6d588064692e9b4468af4bcf25bb0257) Importer(815301076,1909f56bfc062723c751e8b465ee728b)
Start importing Assets/Resources/Prefabs/UI/Panel/StartPanel.prefab using Guid(6d588064692e9b4468af4bcf25bb0257) Importer(815301076,1909f56bfc062723c751e8b465ee728b)  -> (artifact id: '80fd35c3e15a547095092c863c7b1d0a') in 0.010034 seconds 
========================================================================
Received Import Request.
  Time since last request: 1.392796 seconds.
  path: Assets/Resources/Prefabs/UI/Panel/StartPanel.prefab
  artifactKey: Guid(6d588064692e9b4468af4bcf25bb0257) Importer(815301076,1909f56bfc062723c751e8b465ee728b)
Start importing Assets/Resources/Prefabs/UI/Panel/StartPanel.prefab using Guid(6d588064692e9b4468af4bcf25bb0257) Importer(815301076,1909f56bfc062723c751e8b465ee728b)  -> (artifact id: '2baa68c40e56c6fbcdd9b32cf107c1a6') in 0.009933 seconds 
========================================================================
Received Import Request.
  Time since last request: 21.572873 seconds.
  path: Assets/Resources/Prefabs/UI/Panel/StartPanel.prefab
  artifactKey: Guid(6d588064692e9b4468af4bcf25bb0257) Importer(815301076,1909f56bfc062723c751e8b465ee728b)
Start importing Assets/Resources/Prefabs/UI/Panel/StartPanel.prefab using Guid(6d588064692e9b4468af4bcf25bb0257) Importer(815301076,1909f56bfc062723c751e8b465ee728b)  -> (artifact id: 'a75ac4e8d3da6b0994a740bab66d74d3') in 0.009739 seconds 
========================================================================
Received Import Request.
  Time since last request: 1.596856 seconds.
  path: Assets/Resources/Prefabs/UI/Panel/StartPanel.prefab
  artifactKey: Guid(6d588064692e9b4468af4bcf25bb0257) Importer(815301076,1909f56bfc062723c751e8b465ee728b)
Start importing Assets/Resources/Prefabs/UI/Panel/StartPanel.prefab using Guid(6d588064692e9b4468af4bcf25bb0257) Importer(815301076,1909f56bfc062723c751e8b465ee728b)  -> (artifact id: '43144621ff8e2f38c0dfb02149e98a4d') in 0.011092 seconds 
========================================================================
Received Import Request.
  Time since last request: 2.633350 seconds.
  path: Assets/Resources/Prefabs/UI/Panel/StartPanel.prefab
  artifactKey: Guid(6d588064692e9b4468af4bcf25bb0257) Importer(815301076,1909f56bfc062723c751e8b465ee728b)
Start importing Assets/Resources/Prefabs/UI/Panel/StartPanel.prefab using Guid(6d588064692e9b4468af4bcf25bb0257) Importer(815301076,1909f56bfc062723c751e8b465ee728b)  -> (artifact id: 'a982abd3d1f9f7bd322a4b17c614fd9a') in 0.009463 seconds 
========================================================================
Received Prepare
Registering precompiled user dll's ...
Registered in 0.004427 seconds.
Begin MonoManager ReloadAssembly
Symbol file LoadedFromMemory doesn't match image E:\Unity\3D Project\SunMaoQiaoJiang\Library\PackageCache\com.unity.visualscripting@1.6.1\Editor\VisualScripting.Core\Dependencies\YamlDotNet\Unity.VisualScripting.YamlDotNet.dll
Symbol file LoadedFromMemory doesn't match image E:\Unity\3D Project\SunMaoQiaoJiang\Library\PackageCache\com.unity.visualscripting@1.6.1\Editor\VisualScripting.Core\Dependencies\DotNetZip\Unity.VisualScripting.IonicZip.dll
Native extension for WindowsStandalone target not found
Refreshing native plugins compatible for Editor in 0.57 ms, found 3 plugins.
Preloading 0 native plugins for Editor in 0.00 ms.
Mono: successfully reloaded assembly
- Completed reload, in  1.019 seconds
Domain Reload Profiling:
	ReloadAssembly (1020ms)
		BeginReloadAssembly (130ms)
			ExecutionOrderSort (0ms)
			DisableScriptedObjects (4ms)
			BackupInstance (0ms)
			ReleaseScriptingObjects (0ms)
			CreateAndSetChildDomain (32ms)
		EndReloadAssembly (842ms)
			LoadAssemblies (109ms)
			RebuildTransferFunctionScriptingTraits (0ms)
			SetupTypeCache (311ms)
			ReleaseScriptCaches (1ms)
			RebuildScriptCaches (36ms)
			SetupLoadedEditorAssemblies (326ms)
				LogAssemblyErrors (0ms)
				InitializePlatformSupportModulesInManaged (4ms)
				SetLoadedEditorAssemblies (0ms)
				RefreshPlugins (1ms)
				BeforeProcessingInitializeOnLoad (45ms)
				ProcessInitializeOnLoadAttributes (268ms)
				ProcessInitializeOnLoadMethodAttributes (5ms)
				AfterProcessingInitializeOnLoad (2ms)
				EditorAssembliesLoaded (0ms)
			ExecutionOrderSort2 (0ms)
			AwakeInstancesAfterBackupRestoration (6ms)
Platform modules already initialized, skipping
Refreshing native plugins compatible for Editor in 0.76 ms, found 3 plugins.
Preloading 0 native plugins for Editor in 0.00 ms.
Unloading 3117 Unused Serialized files (Serialized files now loaded: 0)
System memory in use before: 139.2 MB.
System memory in use after: 139.5 MB.

Unloading 20 unused Assets to reduce memory usage. Loaded Objects now: 3609.
Total: 3.038900 ms (FindLiveObjects: 0.226800 ms CreateObjectMapping: 0.177400 ms MarkObjects: 2.607800 ms  DeleteObjects: 0.025500 ms)

AssetImportParameters requested are different than current active one (requested -> active):
  custom:framework-win-MediaFoundation: 216162199b28c13a410421893ffa2e32 -> 
  custom:video-decoder-ogg-theora: a1e56fd34408186e4bbccfd4996cb3dc -> 
  custom:container-muxer-webm: aa71ff27fc2769a1b78a27578f13a17b -> 
  custom:container-demuxer-webm: 4f35f7cbe854078d1ac9338744f61a02 -> 
  custom:container-demuxer-ogg: 62fdf1f143b41e24485cea50d1cbac27 -> 
  custom:video-encoder-webm-vp8: eb34c28f22e8b96e1ab97ce403110664 -> 
  custom:video-codec-MediaFoundation-h265: 746d11721c4dcdbdad8f713fa42b33f4 -> 
  custom:video-decoder-webm-vp8: 9c59270c3fd7afecdb556c50c9e8de78 -> 
  custom:audio-decoder-ogg-vorbis: bf7c407c2cedff20999df2af8eb42d56 -> 
  custom:audio-encoder-webm-vorbis: bf7c407c2cedff20999df2af8eb42d56 -> 
========================================================================
Received Import Request.
  Time since last request: 85.725054 seconds.
  path: Assets/Resources/Prefabs/UI/Panel/StartPanel.prefab
  artifactKey: Guid(6d588064692e9b4468af4bcf25bb0257) Importer(815301076,1909f56bfc062723c751e8b465ee728b)
Start importing Assets/Resources/Prefabs/UI/Panel/StartPanel.prefab using Guid(6d588064692e9b4468af4bcf25bb0257) Importer(815301076,1909f56bfc062723c751e8b465ee728b)  -> (artifact id: '43a2c5d6591109fa774f036b0ec29ee6') in 0.055505 seconds 
========================================================================
Received Import Request.
  Time since last request: 1.826816 seconds.
  path: Assets/Resources/Prefabs/UI/Panel/StartPanel.prefab
  artifactKey: Guid(6d588064692e9b4468af4bcf25bb0257) Importer(815301076,1909f56bfc062723c751e8b465ee728b)
Start importing Assets/Resources/Prefabs/UI/Panel/StartPanel.prefab using Guid(6d588064692e9b4468af4bcf25bb0257) Importer(815301076,1909f56bfc062723c751e8b465ee728b)  -> (artifact id: 'fb96d6aa4659e15e6149aae25f98b542') in 0.011420 seconds 
========================================================================
Received Import Request.
  Time since last request: 2.336480 seconds.
  path: Assets/Resources/Prefabs/UI/Panel/StartPanel.prefab
  artifactKey: Guid(6d588064692e9b4468af4bcf25bb0257) Importer(815301076,1909f56bfc062723c751e8b465ee728b)
Start importing Assets/Resources/Prefabs/UI/Panel/StartPanel.prefab using Guid(6d588064692e9b4468af4bcf25bb0257) Importer(815301076,1909f56bfc062723c751e8b465ee728b)  -> (artifact id: 'a4a153b738c1ed81ac4bdf28b603a077') in 0.011524 seconds 
========================================================================
Received Prepare
Registering precompiled user dll's ...
Registered in 0.004909 seconds.
Begin MonoManager ReloadAssembly
Symbol file LoadedFromMemory doesn't match image E:\Unity\3D Project\SunMaoQiaoJiang\Library\PackageCache\com.unity.visualscripting@1.6.1\Editor\VisualScripting.Core\Dependencies\YamlDotNet\Unity.VisualScripting.YamlDotNet.dll
Symbol file LoadedFromMemory doesn't match image E:\Unity\3D Project\SunMaoQiaoJiang\Library\PackageCache\com.unity.visualscripting@1.6.1\Editor\VisualScripting.Core\Dependencies\DotNetZip\Unity.VisualScripting.IonicZip.dll
Native extension for WindowsStandalone target not found
Refreshing native plugins compatible for Editor in 0.74 ms, found 3 plugins.
Preloading 0 native plugins for Editor in 0.00 ms.
Mono: successfully reloaded assembly
- Completed reload, in  1.075 seconds
Domain Reload Profiling:
	ReloadAssembly (1075ms)
		BeginReloadAssembly (151ms)
			ExecutionOrderSort (0ms)
			DisableScriptedObjects (4ms)
			BackupInstance (0ms)
			ReleaseScriptingObjects (0ms)
			CreateAndSetChildDomain (37ms)
		EndReloadAssembly (868ms)
			LoadAssemblies (127ms)
			RebuildTransferFunctionScriptingTraits (0ms)
			SetupTypeCache (329ms)
			ReleaseScriptCaches (1ms)
			RebuildScriptCaches (36ms)
			SetupLoadedEditorAssemblies (333ms)
				LogAssemblyErrors (0ms)
				InitializePlatformSupportModulesInManaged (4ms)
				SetLoadedEditorAssemblies (0ms)
				RefreshPlugins (1ms)
				BeforeProcessingInitializeOnLoad (47ms)
				ProcessInitializeOnLoadAttributes (273ms)
				ProcessInitializeOnLoadMethodAttributes (5ms)
				AfterProcessingInitializeOnLoad (2ms)
				EditorAssembliesLoaded (0ms)
			ExecutionOrderSort2 (0ms)
			AwakeInstancesAfterBackupRestoration (6ms)
Platform modules already initialized, skipping
Refreshing native plugins compatible for Editor in 0.55 ms, found 3 plugins.
Preloading 0 native plugins for Editor in 0.00 ms.
Unloading 3117 Unused Serialized files (Serialized files now loaded: 0)
System memory in use before: 139.3 MB.
System memory in use after: 139.5 MB.

Unloading 20 unused Assets to reduce memory usage. Loaded Objects now: 3611.
Total: 3.186100 ms (FindLiveObjects: 0.237300 ms CreateObjectMapping: 0.164800 ms MarkObjects: 2.748000 ms  DeleteObjects: 0.035100 ms)

AssetImportParameters requested are different than current active one (requested -> active):
  custom:framework-win-MediaFoundation: 216162199b28c13a410421893ffa2e32 -> 
  custom:video-decoder-ogg-theora: a1e56fd34408186e4bbccfd4996cb3dc -> 
  custom:container-muxer-webm: aa71ff27fc2769a1b78a27578f13a17b -> 
  custom:container-demuxer-webm: 4f35f7cbe854078d1ac9338744f61a02 -> 
  custom:container-demuxer-ogg: 62fdf1f143b41e24485cea50d1cbac27 -> 
  custom:video-encoder-webm-vp8: eb34c28f22e8b96e1ab97ce403110664 -> 
  custom:video-codec-MediaFoundation-h265: 746d11721c4dcdbdad8f713fa42b33f4 -> 
  custom:video-decoder-webm-vp8: 9c59270c3fd7afecdb556c50c9e8de78 -> 
  custom:audio-decoder-ogg-vorbis: bf7c407c2cedff20999df2af8eb42d56 -> 
  custom:audio-encoder-webm-vorbis: bf7c407c2cedff20999df2af8eb42d56 -> 
========================================================================
Received Prepare
Registering precompiled user dll's ...
Registered in 0.004424 seconds.
Begin MonoManager ReloadAssembly
Symbol file LoadedFromMemory doesn't match image E:\Unity\3D Project\SunMaoQiaoJiang\Library\PackageCache\com.unity.visualscripting@1.6.1\Editor\VisualScripting.Core\Dependencies\YamlDotNet\Unity.VisualScripting.YamlDotNet.dll
Symbol file LoadedFromMemory doesn't match image E:\Unity\3D Project\SunMaoQiaoJiang\Library\PackageCache\com.unity.visualscripting@1.6.1\Editor\VisualScripting.Core\Dependencies\DotNetZip\Unity.VisualScripting.IonicZip.dll
Native extension for WindowsStandalone target not found
Refreshing native plugins compatible for Editor in 0.88 ms, found 3 plugins.
Preloading 0 native plugins for Editor in 0.00 ms.
Mono: successfully reloaded assembly
- Completed reload, in  1.041 seconds
Domain Reload Profiling:
	ReloadAssembly (1041ms)
		BeginReloadAssembly (140ms)
			ExecutionOrderSort (0ms)
			DisableScriptedObjects (4ms)
			BackupInstance (0ms)
			ReleaseScriptingObjects (0ms)
			CreateAndSetChildDomain (32ms)
		EndReloadAssembly (851ms)
			LoadAssemblies (113ms)
			RebuildTransferFunctionScriptingTraits (0ms)
			SetupTypeCache (306ms)
			ReleaseScriptCaches (1ms)
			RebuildScriptCaches (35ms)
			SetupLoadedEditorAssemblies (347ms)
				LogAssemblyErrors (0ms)
				InitializePlatformSupportModulesInManaged (4ms)
				SetLoadedEditorAssemblies (0ms)
				RefreshPlugins (1ms)
				BeforeProcessingInitializeOnLoad (47ms)
				ProcessInitializeOnLoadAttributes (284ms)
				ProcessInitializeOnLoadMethodAttributes (7ms)
				AfterProcessingInitializeOnLoad (2ms)
				EditorAssembliesLoaded (0ms)
			ExecutionOrderSort2 (0ms)
			AwakeInstancesAfterBackupRestoration (8ms)
Platform modules already initialized, skipping
Refreshing native plugins compatible for Editor in 0.61 ms, found 3 plugins.
Preloading 0 native plugins for Editor in 0.00 ms.
Unloading 3117 Unused Serialized files (Serialized files now loaded: 0)
System memory in use before: 139.3 MB.
System memory in use after: 139.5 MB.

Unloading 17 unused Assets to reduce memory usage. Loaded Objects now: 3613.
Total: 2.643700 ms (FindLiveObjects: 0.220200 ms CreateObjectMapping: 0.151000 ms MarkObjects: 2.257800 ms  DeleteObjects: 0.013900 ms)

AssetImportParameters requested are different than current active one (requested -> active):
  custom:framework-win-MediaFoundation: 216162199b28c13a410421893ffa2e32 -> 
  custom:video-decoder-ogg-theora: a1e56fd34408186e4bbccfd4996cb3dc -> 
  custom:container-muxer-webm: aa71ff27fc2769a1b78a27578f13a17b -> 
  custom:container-demuxer-webm: 4f35f7cbe854078d1ac9338744f61a02 -> 
  custom:container-demuxer-ogg: 62fdf1f143b41e24485cea50d1cbac27 -> 
  custom:video-encoder-webm-vp8: eb34c28f22e8b96e1ab97ce403110664 -> 
  custom:video-codec-MediaFoundation-h265: 746d11721c4dcdbdad8f713fa42b33f4 -> 
  custom:video-decoder-webm-vp8: 9c59270c3fd7afecdb556c50c9e8de78 -> 
  custom:audio-decoder-ogg-vorbis: bf7c407c2cedff20999df2af8eb42d56 -> 
  custom:audio-encoder-webm-vorbis: bf7c407c2cedff20999df2af8eb42d56 -> 
========================================================================
Received Import Request.
  Time since last request: 322.683693 seconds.
  path: Assets/Resources/Prefabs/UI/Panel/StartPanel.prefab
  artifactKey: Guid(6d588064692e9b4468af4bcf25bb0257) Importer(815301076,1909f56bfc062723c751e8b465ee728b)
Start importing Assets/Resources/Prefabs/UI/Panel/StartPanel.prefab using Guid(6d588064692e9b4468af4bcf25bb0257) Importer(815301076,1909f56bfc062723c751e8b465ee728b)  -> (artifact id: '4b0c89fb1cf0affb7dbe7090930ec7ed') in 0.057243 seconds 
========================================================================
Received Import Request.
  Time since last request: 1.059991 seconds.
  path: Assets/Resources/Prefabs/UI/Panel/StartPanel.prefab
  artifactKey: Guid(6d588064692e9b4468af4bcf25bb0257) Importer(815301076,1909f56bfc062723c751e8b465ee728b)
Start importing Assets/Resources/Prefabs/UI/Panel/StartPanel.prefab using Guid(6d588064692e9b4468af4bcf25bb0257) Importer(815301076,1909f56bfc062723c751e8b465ee728b)  -> (artifact id: 'f638a4000ebf3a4d604ee376e5c498f0') in 0.009456 seconds 
========================================================================
Received Import Request.
  Time since last request: 17.988794 seconds.
  path: Assets/Resources/Prefabs/UI/Panel/StartPanel.prefab
  artifactKey: Guid(6d588064692e9b4468af4bcf25bb0257) Importer(815301076,1909f56bfc062723c751e8b465ee728b)
Start importing Assets/Resources/Prefabs/UI/Panel/StartPanel.prefab using Guid(6d588064692e9b4468af4bcf25bb0257) Importer(815301076,1909f56bfc062723c751e8b465ee728b)  -> (artifact id: '8b2557aeeffdbc34034934399402e39c') in 0.009594 seconds 
========================================================================
Received Import Request.
  Time since last request: 2.411837 seconds.
  path: Assets/Resources/Prefabs/UI/Panel/StartPanel.prefab
  artifactKey: Guid(6d588064692e9b4468af4bcf25bb0257) Importer(815301076,1909f56bfc062723c751e8b465ee728b)
Start importing Assets/Resources/Prefabs/UI/Panel/StartPanel.prefab using Guid(6d588064692e9b4468af4bcf25bb0257) Importer(815301076,1909f56bfc062723c751e8b465ee728b)  -> (artifact id: '16b29c8f21e09cd37d81ace2c2a5dad1') in 0.009088 seconds 
========================================================================
Received Import Request.
  Time since last request: 2.562188 seconds.
  path: Assets/Resources/Prefabs/UI/Panel/StartPanel.prefab
  artifactKey: Guid(6d588064692e9b4468af4bcf25bb0257) Importer(815301076,1909f56bfc062723c751e8b465ee728b)
Start importing Assets/Resources/Prefabs/UI/Panel/StartPanel.prefab using Guid(6d588064692e9b4468af4bcf25bb0257) Importer(815301076,1909f56bfc062723c751e8b465ee728b)  -> (artifact id: '4fe1100f9c6e1206ca0ec84c38adc82e') in 0.009171 seconds 
========================================================================
Received Import Request.
  Time since last request: 0.785952 seconds.
  path: Assets/Resources/Prefabs/UI/Panel/StartPanel.prefab
  artifactKey: Guid(6d588064692e9b4468af4bcf25bb0257) Importer(815301076,1909f56bfc062723c751e8b465ee728b)
Start importing Assets/Resources/Prefabs/UI/Panel/StartPanel.prefab using Guid(6d588064692e9b4468af4bcf25bb0257) Importer(815301076,1909f56bfc062723c751e8b465ee728b)  -> (artifact id: '87b8a83a84d0bbb90cbbce70aa179557') in 0.009290 seconds 
========================================================================
Received Import Request.
  Time since last request: 5.843279 seconds.
  path: Assets/Resources/Prefabs/UI/Panel/StartPanel.prefab
  artifactKey: Guid(6d588064692e9b4468af4bcf25bb0257) Importer(815301076,1909f56bfc062723c751e8b465ee728b)
Start importing Assets/Resources/Prefabs/UI/Panel/StartPanel.prefab using Guid(6d588064692e9b4468af4bcf25bb0257) Importer(815301076,1909f56bfc062723c751e8b465ee728b)  -> (artifact id: 'b974b618c202a89e88084a032c2cad88') in 0.009565 seconds 
========================================================================
Received Import Request.
  Time since last request: 1.416446 seconds.
  path: Assets/Resources/Prefabs/UI/Panel/StartPanel.prefab
  artifactKey: Guid(6d588064692e9b4468af4bcf25bb0257) Importer(815301076,1909f56bfc062723c751e8b465ee728b)
Start importing Assets/Resources/Prefabs/UI/Panel/StartPanel.prefab using Guid(6d588064692e9b4468af4bcf25bb0257) Importer(815301076,1909f56bfc062723c751e8b465ee728b)  -> (artifact id: '9f1097bc62037463203b0bb16acb5b7b') in 0.010136 seconds 
========================================================================
Received Import Request.
  Time since last request: 1.956803 seconds.
  path: Assets/Resources/Prefabs/UI/Panel/StartPanel.prefab
  artifactKey: Guid(6d588064692e9b4468af4bcf25bb0257) Importer(815301076,1909f56bfc062723c751e8b465ee728b)
Start importing Assets/Resources/Prefabs/UI/Panel/StartPanel.prefab using Guid(6d588064692e9b4468af4bcf25bb0257) Importer(815301076,1909f56bfc062723c751e8b465ee728b)  -> (artifact id: 'c92197423bf80edb89c59f9ad5d440fd') in 0.009208 seconds 
========================================================================
Received Import Request.
  Time since last request: 1.621065 seconds.
  path: Assets/Resources/Prefabs/UI/Panel/StartPanel.prefab
  artifactKey: Guid(6d588064692e9b4468af4bcf25bb0257) Importer(815301076,1909f56bfc062723c751e8b465ee728b)
Start importing Assets/Resources/Prefabs/UI/Panel/StartPanel.prefab using Guid(6d588064692e9b4468af4bcf25bb0257) Importer(815301076,1909f56bfc062723c751e8b465ee728b)  -> (artifact id: 'b1fdfbc54a847e0a52fc05f146e0a083') in 0.009995 seconds 
========================================================================
Received Import Request.
  Time since last request: 2.432466 seconds.
  path: Assets/Resources/Prefabs/UI/Panel/StartPanel.prefab
  artifactKey: Guid(6d588064692e9b4468af4bcf25bb0257) Importer(815301076,1909f56bfc062723c751e8b465ee728b)
Start importing Assets/Resources/Prefabs/UI/Panel/StartPanel.prefab using Guid(6d588064692e9b4468af4bcf25bb0257) Importer(815301076,1909f56bfc062723c751e8b465ee728b)  -> (artifact id: 'b0d43527bd0280e368e7c2fb0475e080') in 0.009312 seconds 
========================================================================
Received Import Request.
  Time since last request: 1.711974 seconds.
  path: Assets/Resources/Prefabs/UI/Panel/StartPanel.prefab
  artifactKey: Guid(6d588064692e9b4468af4bcf25bb0257) Importer(815301076,1909f56bfc062723c751e8b465ee728b)
Start importing Assets/Resources/Prefabs/UI/Panel/StartPanel.prefab using Guid(6d588064692e9b4468af4bcf25bb0257) Importer(815301076,1909f56bfc062723c751e8b465ee728b)  -> (artifact id: '59bf61cc54abf0bf374e4d99ceaf1974') in 0.009606 seconds 
========================================================================
Received Import Request.
  Time since last request: 0.811297 seconds.
  path: Assets/Resources/Prefabs/UI/Panel/StartPanel.prefab
  artifactKey: Guid(6d588064692e9b4468af4bcf25bb0257) Importer(815301076,1909f56bfc062723c751e8b465ee728b)
Start importing Assets/Resources/Prefabs/UI/Panel/StartPanel.prefab using Guid(6d588064692e9b4468af4bcf25bb0257) Importer(815301076,1909f56bfc062723c751e8b465ee728b)  -> (artifact id: 'fe2b2165b88aebc11926370fb5c0051e') in 0.009841 seconds 
========================================================================
Received Import Request.
  Time since last request: 4.819936 seconds.
  path: Assets/Resources/Prefabs/UI/Panel/StartPanel.prefab
  artifactKey: Guid(6d588064692e9b4468af4bcf25bb0257) Importer(815301076,1909f56bfc062723c751e8b465ee728b)
Start importing Assets/Resources/Prefabs/UI/Panel/StartPanel.prefab using Guid(6d588064692e9b4468af4bcf25bb0257) Importer(815301076,1909f56bfc062723c751e8b465ee728b)  -> (artifact id: 'cf32c2179ee0c1503a0aa3ebf8fcda6b') in 0.010080 seconds 
========================================================================
Received Import Request.
  Time since last request: 5.271881 seconds.
  path: Assets/Resources/Prefabs/UI/Panel/StartPanel.prefab
  artifactKey: Guid(6d588064692e9b4468af4bcf25bb0257) Importer(815301076,1909f56bfc062723c751e8b465ee728b)
Start importing Assets/Resources/Prefabs/UI/Panel/StartPanel.prefab using Guid(6d588064692e9b4468af4bcf25bb0257) Importer(815301076,1909f56bfc062723c751e8b465ee728b)  -> (artifact id: '1d4ea3e42ab9f76af904c2aabef46239') in 0.010003 seconds 
========================================================================
Received Import Request.
  Time since last request: 25.347757 seconds.
  path: Assets/Resources/Prefabs/UI/Panel/StartPanel.prefab
  artifactKey: Guid(6d588064692e9b4468af4bcf25bb0257) Importer(815301076,1909f56bfc062723c751e8b465ee728b)
Start importing Assets/Resources/Prefabs/UI/Panel/StartPanel.prefab using Guid(6d588064692e9b4468af4bcf25bb0257) Importer(815301076,1909f56bfc062723c751e8b465ee728b)  -> (artifact id: '0b80e293e331ed4675d30209df0f1707') in 0.009925 seconds 
========================================================================
Received Import Request.
  Time since last request: 0.993290 seconds.
  path: Assets/Resources/Prefabs/UI/Panel/StartPanel.prefab
  artifactKey: Guid(6d588064692e9b4468af4bcf25bb0257) Importer(815301076,1909f56bfc062723c751e8b465ee728b)
Start importing Assets/Resources/Prefabs/UI/Panel/StartPanel.prefab using Guid(6d588064692e9b4468af4bcf25bb0257) Importer(815301076,1909f56bfc062723c751e8b465ee728b)  -> (artifact id: 'd6c5ae2a5a60a98ef5e8bd764d8591ef') in 0.009956 seconds 
========================================================================
Received Import Request.
  Time since last request: 4.883135 seconds.
  path: Assets/Resources/Prefabs/UI/Panel/StartPanel.prefab
  artifactKey: Guid(6d588064692e9b4468af4bcf25bb0257) Importer(815301076,1909f56bfc062723c751e8b465ee728b)
Start importing Assets/Resources/Prefabs/UI/Panel/StartPanel.prefab using Guid(6d588064692e9b4468af4bcf25bb0257) Importer(815301076,1909f56bfc062723c751e8b465ee728b)  -> (artifact id: '182abf1303c5fa25352d329a6744d92c') in 0.009023 seconds 
========================================================================
Received Import Request.
  Time since last request: 1.897843 seconds.
  path: Assets/Resources/Prefabs/UI/Panel/StartPanel.prefab
  artifactKey: Guid(6d588064692e9b4468af4bcf25bb0257) Importer(815301076,1909f56bfc062723c751e8b465ee728b)
Start importing Assets/Resources/Prefabs/UI/Panel/StartPanel.prefab using Guid(6d588064692e9b4468af4bcf25bb0257) Importer(815301076,1909f56bfc062723c751e8b465ee728b)  -> (artifact id: '7919b908b46d431e8e566704dc229bf0') in 0.010216 seconds 
========================================================================
Received Import Request.
  Time since last request: 0.783365 seconds.
  path: Assets/Resources/Prefabs/UI/Panel/StartPanel.prefab
  artifactKey: Guid(6d588064692e9b4468af4bcf25bb0257) Importer(815301076,1909f56bfc062723c751e8b465ee728b)
Start importing Assets/Resources/Prefabs/UI/Panel/StartPanel.prefab using Guid(6d588064692e9b4468af4bcf25bb0257) Importer(815301076,1909f56bfc062723c751e8b465ee728b)  -> (artifact id: '07078b1c6c7f721c9cf9ab52fc725617') in 0.009221 seconds 
========================================================================
Received Prepare
Registering precompiled user dll's ...
Registered in 0.004731 seconds.
Begin MonoManager ReloadAssembly
Symbol file LoadedFromMemory doesn't match image E:\Unity\3D Project\SunMaoQiaoJiang\Library\PackageCache\com.unity.visualscripting@1.6.1\Editor\VisualScripting.Core\Dependencies\YamlDotNet\Unity.VisualScripting.YamlDotNet.dll
Symbol file LoadedFromMemory doesn't match image E:\Unity\3D Project\SunMaoQiaoJiang\Library\PackageCache\com.unity.visualscripting@1.6.1\Editor\VisualScripting.Core\Dependencies\DotNetZip\Unity.VisualScripting.IonicZip.dll
Native extension for WindowsStandalone target not found
Refreshing native plugins compatible for Editor in 0.60 ms, found 3 plugins.
Preloading 0 native plugins for Editor in 0.00 ms.
Mono: successfully reloaded assembly
- Completed reload, in  1.104 seconds
Domain Reload Profiling:
	ReloadAssembly (1105ms)
		BeginReloadAssembly (148ms)
			ExecutionOrderSort (0ms)
			DisableScriptedObjects (4ms)
			BackupInstance (0ms)
			ReleaseScriptingObjects (0ms)
			CreateAndSetChildDomain (39ms)
		EndReloadAssembly (903ms)
			LoadAssemblies (127ms)
			RebuildTransferFunctionScriptingTraits (0ms)
			SetupTypeCache (328ms)
			ReleaseScriptCaches (1ms)
			RebuildScriptCaches (39ms)
			SetupLoadedEditorAssemblies (355ms)
				LogAssemblyErrors (0ms)
				InitializePlatformSupportModulesInManaged (4ms)
				SetLoadedEditorAssemblies (0ms)
				RefreshPlugins (1ms)
				BeforeProcessingInitializeOnLoad (48ms)
				ProcessInitializeOnLoadAttributes (293ms)
				ProcessInitializeOnLoadMethodAttributes (6ms)
				AfterProcessingInitializeOnLoad (2ms)
				EditorAssembliesLoaded (0ms)
			ExecutionOrderSort2 (0ms)
			AwakeInstancesAfterBackupRestoration (7ms)
Platform modules already initialized, skipping
Refreshing native plugins compatible for Editor in 0.59 ms, found 3 plugins.
Preloading 0 native plugins for Editor in 0.01 ms.
Unloading 3117 Unused Serialized files (Serialized files now loaded: 0)
System memory in use before: 139.3 MB.
System memory in use after: 139.5 MB.

Unloading 20 unused Assets to reduce memory usage. Loaded Objects now: 3615.
Total: 3.150400 ms (FindLiveObjects: 0.248600 ms CreateObjectMapping: 0.177700 ms MarkObjects: 2.694000 ms  DeleteObjects: 0.029200 ms)

AssetImportParameters requested are different than current active one (requested -> active):
  custom:framework-win-MediaFoundation: 216162199b28c13a410421893ffa2e32 -> 
  custom:video-decoder-ogg-theora: a1e56fd34408186e4bbccfd4996cb3dc -> 
  custom:container-muxer-webm: aa71ff27fc2769a1b78a27578f13a17b -> 
  custom:container-demuxer-webm: 4f35f7cbe854078d1ac9338744f61a02 -> 
  custom:container-demuxer-ogg: 62fdf1f143b41e24485cea50d1cbac27 -> 
  custom:video-encoder-webm-vp8: eb34c28f22e8b96e1ab97ce403110664 -> 
  custom:video-codec-MediaFoundation-h265: 746d11721c4dcdbdad8f713fa42b33f4 -> 
  custom:video-decoder-webm-vp8: 9c59270c3fd7afecdb556c50c9e8de78 -> 
  custom:audio-decoder-ogg-vorbis: bf7c407c2cedff20999df2af8eb42d56 -> 
  custom:audio-encoder-webm-vorbis: bf7c407c2cedff20999df2af8eb42d56 -> 
========================================================================
Received Import Request.
  Time since last request: 73.899524 seconds.
  path: Assets/Resources/Prefabs/UI/Panel/StartPanel.prefab
  artifactKey: Guid(6d588064692e9b4468af4bcf25bb0257) Importer(815301076,1909f56bfc062723c751e8b465ee728b)
Start importing Assets/Resources/Prefabs/UI/Panel/StartPanel.prefab using Guid(6d588064692e9b4468af4bcf25bb0257) Importer(815301076,1909f56bfc062723c751e8b465ee728b)  -> (artifact id: '1d2e1e9f4bd7aabdd85727ab887f86dd') in 0.056539 seconds 
========================================================================
Received Import Request.
  Time since last request: 2.655479 seconds.
  path: Assets/Resources/Prefabs/UI/Panel/StartPanel.prefab
  artifactKey: Guid(6d588064692e9b4468af4bcf25bb0257) Importer(815301076,1909f56bfc062723c751e8b465ee728b)
Start importing Assets/Resources/Prefabs/UI/Panel/StartPanel.prefab using Guid(6d588064692e9b4468af4bcf25bb0257) Importer(815301076,1909f56bfc062723c751e8b465ee728b)  -> (artifact id: '0643c2fa8c7c5dcb4c0f9f74974d27f4') in 0.009768 seconds 
========================================================================
Received Prepare
Registering precompiled user dll's ...
Registered in 0.004851 seconds.
Begin MonoManager ReloadAssembly
Symbol file LoadedFromMemory doesn't match image E:\Unity\3D Project\SunMaoQiaoJiang\Library\PackageCache\com.unity.visualscripting@1.6.1\Editor\VisualScripting.Core\Dependencies\YamlDotNet\Unity.VisualScripting.YamlDotNet.dll
Symbol file LoadedFromMemory doesn't match image E:\Unity\3D Project\SunMaoQiaoJiang\Library\PackageCache\com.unity.visualscripting@1.6.1\Editor\VisualScripting.Core\Dependencies\DotNetZip\Unity.VisualScripting.IonicZip.dll
Native extension for WindowsStandalone target not found
Refreshing native plugins compatible for Editor in 0.57 ms, found 3 plugins.
Preloading 0 native plugins for Editor in 0.00 ms.
Mono: successfully reloaded assembly
- Completed reload, in  1.006 seconds
Domain Reload Profiling:
	ReloadAssembly (1006ms)
		BeginReloadAssembly (133ms)
			ExecutionOrderSort (0ms)
			DisableScriptedObjects (4ms)
			BackupInstance (0ms)
			ReleaseScriptingObjects (0ms)
			CreateAndSetChildDomain (33ms)
		EndReloadAssembly (825ms)
			LoadAssemblies (115ms)
			RebuildTransferFunctionScriptingTraits (0ms)
			SetupTypeCache (296ms)
			ReleaseScriptCaches (1ms)
			RebuildScriptCaches (36ms)
			SetupLoadedEditorAssemblies (330ms)
				LogAssemblyErrors (0ms)
				InitializePlatformSupportModulesInManaged (4ms)
				SetLoadedEditorAssemblies (0ms)
				RefreshPlugins (1ms)
				BeforeProcessingInitializeOnLoad (45ms)
				ProcessInitializeOnLoadAttributes (271ms)
				ProcessInitializeOnLoadMethodAttributes (6ms)
				AfterProcessingInitializeOnLoad (2ms)
				EditorAssembliesLoaded (0ms)
			ExecutionOrderSort2 (0ms)
			AwakeInstancesAfterBackupRestoration (6ms)
Platform modules already initialized, skipping
Refreshing native plugins compatible for Editor in 0.55 ms, found 3 plugins.
Preloading 0 native plugins for Editor in 0.00 ms.
Unloading 3117 Unused Serialized files (Serialized files now loaded: 0)
System memory in use before: 139.3 MB.
System memory in use after: 139.5 MB.

Unloading 20 unused Assets to reduce memory usage. Loaded Objects now: 3617.
Total: 2.806300 ms (FindLiveObjects: 0.264400 ms CreateObjectMapping: 0.149500 ms MarkObjects: 2.350100 ms  DeleteObjects: 0.041300 ms)

AssetImportParameters requested are different than current active one (requested -> active):
  custom:framework-win-MediaFoundation: 216162199b28c13a410421893ffa2e32 -> 
  custom:video-decoder-ogg-theora: a1e56fd34408186e4bbccfd4996cb3dc -> 
  custom:container-muxer-webm: aa71ff27fc2769a1b78a27578f13a17b -> 
  custom:container-demuxer-webm: 4f35f7cbe854078d1ac9338744f61a02 -> 
  custom:container-demuxer-ogg: 62fdf1f143b41e24485cea50d1cbac27 -> 
  custom:video-encoder-webm-vp8: eb34c28f22e8b96e1ab97ce403110664 -> 
  custom:video-codec-MediaFoundation-h265: 746d11721c4dcdbdad8f713fa42b33f4 -> 
  custom:video-decoder-webm-vp8: 9c59270c3fd7afecdb556c50c9e8de78 -> 
  custom:audio-decoder-ogg-vorbis: bf7c407c2cedff20999df2af8eb42d56 -> 
  custom:audio-encoder-webm-vorbis: bf7c407c2cedff20999df2af8eb42d56 -> 
========================================================================
Received Import Request.
  Time since last request: 162.893152 seconds.
  path: Assets/Resources/Prefabs/UI/Panel/StartPanel.prefab
  artifactKey: Guid(6d588064692e9b4468af4bcf25bb0257) Importer(815301076,1909f56bfc062723c751e8b465ee728b)
Start importing Assets/Resources/Prefabs/UI/Panel/StartPanel.prefab using Guid(6d588064692e9b4468af4bcf25bb0257) Importer(815301076,1909f56bfc062723c751e8b465ee728b)  -> (artifact id: '8f5345897a1699f56afdf1798379d513') in 0.052403 seconds 
========================================================================
Received Prepare
Registering precompiled user dll's ...
Registered in 0.004625 seconds.
Begin MonoManager ReloadAssembly
Symbol file LoadedFromMemory doesn't match image E:\Unity\3D Project\SunMaoQiaoJiang\Library\PackageCache\com.unity.visualscripting@1.6.1\Editor\VisualScripting.Core\Dependencies\YamlDotNet\Unity.VisualScripting.YamlDotNet.dll
Symbol file LoadedFromMemory doesn't match image E:\Unity\3D Project\SunMaoQiaoJiang\Library\PackageCache\com.unity.visualscripting@1.6.1\Editor\VisualScripting.Core\Dependencies\DotNetZip\Unity.VisualScripting.IonicZip.dll
Native extension for WindowsStandalone target not found
Refreshing native plugins compatible for Editor in 0.56 ms, found 3 plugins.
Preloading 0 native plugins for Editor in 0.00 ms.
Mono: successfully reloaded assembly
- Completed reload, in  1.030 seconds
Domain Reload Profiling:
	ReloadAssembly (1030ms)
		BeginReloadAssembly (141ms)
			ExecutionOrderSort (0ms)
			DisableScriptedObjects (4ms)
			BackupInstance (0ms)
			ReleaseScriptingObjects (0ms)
			CreateAndSetChildDomain (32ms)
		EndReloadAssembly (841ms)
			LoadAssemblies (117ms)
			RebuildTransferFunctionScriptingTraits (0ms)
			SetupTypeCache (307ms)
			ReleaseScriptCaches (1ms)
			RebuildScriptCaches (35ms)
			SetupLoadedEditorAssemblies (334ms)
				LogAssemblyErrors (0ms)
				InitializePlatformSupportModulesInManaged (4ms)
				SetLoadedEditorAssemblies (0ms)
				RefreshPlugins (1ms)
				BeforeProcessingInitializeOnLoad (45ms)
				ProcessInitializeOnLoadAttributes (275ms)
				ProcessInitializeOnLoadMethodAttributes (7ms)
				AfterProcessingInitializeOnLoad (2ms)
				EditorAssembliesLoaded (0ms)
			ExecutionOrderSort2 (0ms)
			AwakeInstancesAfterBackupRestoration (6ms)
Platform modules already initialized, skipping
Refreshing native plugins compatible for Editor in 0.56 ms, found 3 plugins.
Preloading 0 native plugins for Editor in 0.00 ms.
Unloading 3117 Unused Serialized files (Serialized files now loaded: 0)
System memory in use before: 139.3 MB.
System memory in use after: 139.5 MB.

Unloading 20 unused Assets to reduce memory usage. Loaded Objects now: 3619.
Total: 2.861200 ms (FindLiveObjects: 0.246000 ms CreateObjectMapping: 0.155600 ms MarkObjects: 2.437300 ms  DeleteObjects: 0.021300 ms)

AssetImportParameters requested are different than current active one (requested -> active):
  custom:framework-win-MediaFoundation: 216162199b28c13a410421893ffa2e32 -> 
  custom:video-decoder-ogg-theora: a1e56fd34408186e4bbccfd4996cb3dc -> 
  custom:container-muxer-webm: aa71ff27fc2769a1b78a27578f13a17b -> 
  custom:container-demuxer-webm: 4f35f7cbe854078d1ac9338744f61a02 -> 
  custom:container-demuxer-ogg: 62fdf1f143b41e24485cea50d1cbac27 -> 
  custom:video-encoder-webm-vp8: eb34c28f22e8b96e1ab97ce403110664 -> 
  custom:video-codec-MediaFoundation-h265: 746d11721c4dcdbdad8f713fa42b33f4 -> 
  custom:video-decoder-webm-vp8: 9c59270c3fd7afecdb556c50c9e8de78 -> 
  custom:audio-decoder-ogg-vorbis: bf7c407c2cedff20999df2af8eb42d56 -> 
  custom:audio-encoder-webm-vorbis: bf7c407c2cedff20999df2af8eb42d56 -> 
========================================================================
Received Import Request.
  Time since last request: 35.258138 seconds.
  path: Assets/Resources/Prefabs/UI/Panel/StartPanel.prefab
  artifactKey: Guid(6d588064692e9b4468af4bcf25bb0257) Importer(815301076,1909f56bfc062723c751e8b465ee728b)
Start importing Assets/Resources/Prefabs/UI/Panel/StartPanel.prefab using Guid(6d588064692e9b4468af4bcf25bb0257) Importer(815301076,1909f56bfc062723c751e8b465ee728b)  -> (artifact id: '623df4a86de245ecfd7eb165ef5ef32f') in 0.052200 seconds 
========================================================================
Received Import Request.
  Time since last request: 0.457027 seconds.
  path: Assets/Resources/Prefabs/UI/Panel/StartPanel.prefab
  artifactKey: Guid(6d588064692e9b4468af4bcf25bb0257) Importer(815301076,1909f56bfc062723c751e8b465ee728b)
Start importing Assets/Resources/Prefabs/UI/Panel/StartPanel.prefab using Guid(6d588064692e9b4468af4bcf25bb0257) Importer(815301076,1909f56bfc062723c751e8b465ee728b)  -> (artifact id: 'ba1108fe89e5f436abfc53afa2f71ebe') in 0.010207 seconds 
========================================================================
Received Import Request.
  Time since last request: 6.641741 seconds.
  path: Assets/Resources/Prefabs/UI/Panel/StartPanel.prefab
  artifactKey: Guid(6d588064692e9b4468af4bcf25bb0257) Importer(815301076,1909f56bfc062723c751e8b465ee728b)
Start importing Assets/Resources/Prefabs/UI/Panel/StartPanel.prefab using Guid(6d588064692e9b4468af4bcf25bb0257) Importer(815301076,1909f56bfc062723c751e8b465ee728b)  -> (artifact id: '6a90a4909b5d37b6a448a67431bc7007') in 0.009921 seconds 
========================================================================
Received Import Request.
  Time since last request: 19.439243 seconds.
  path: Assets/Resources/Prefabs/UI/Panel/StartPanel.prefab
  artifactKey: Guid(6d588064692e9b4468af4bcf25bb0257) Importer(815301076,1909f56bfc062723c751e8b465ee728b)
Start importing Assets/Resources/Prefabs/UI/Panel/StartPanel.prefab using Guid(6d588064692e9b4468af4bcf25bb0257) Importer(815301076,1909f56bfc062723c751e8b465ee728b)  -> (artifact id: '6bfb63af68645ca8280c5655318d9b1c') in 0.009927 seconds 
========================================================================
Received Prepare
Registering precompiled user dll's ...
Registered in 0.004450 seconds.
Begin MonoManager ReloadAssembly
Symbol file LoadedFromMemory doesn't match image E:\Unity\3D Project\SunMaoQiaoJiang\Library\PackageCache\com.unity.visualscripting@1.6.1\Editor\VisualScripting.Core\Dependencies\YamlDotNet\Unity.VisualScripting.YamlDotNet.dll
Symbol file LoadedFromMemory doesn't match image E:\Unity\3D Project\SunMaoQiaoJiang\Library\PackageCache\com.unity.visualscripting@1.6.1\Editor\VisualScripting.Core\Dependencies\DotNetZip\Unity.VisualScripting.IonicZip.dll
Native extension for WindowsStandalone target not found
Refreshing native plugins compatible for Editor in 0.60 ms, found 3 plugins.
Preloading 0 native plugins for Editor in 0.00 ms.
Mono: successfully reloaded assembly
- Completed reload, in  1.021 seconds
Domain Reload Profiling:
	ReloadAssembly (1021ms)
		BeginReloadAssembly (137ms)
			ExecutionOrderSort (0ms)
			DisableScriptedObjects (3ms)
			BackupInstance (0ms)
			ReleaseScriptingObjects (0ms)
			CreateAndSetChildDomain (32ms)
		EndReloadAssembly (831ms)
			LoadAssemblies (111ms)
			RebuildTransferFunctionScriptingTraits (0ms)
			SetupTypeCache (298ms)
			ReleaseScriptCaches (1ms)
			RebuildScriptCaches (34ms)
			SetupLoadedEditorAssemblies (338ms)
				LogAssemblyErrors (0ms)
				InitializePlatformSupportModulesInManaged (4ms)
				SetLoadedEditorAssemblies (0ms)
				RefreshPlugins (1ms)
				BeforeProcessingInitializeOnLoad (46ms)
				ProcessInitializeOnLoadAttributes (279ms)
				ProcessInitializeOnLoadMethodAttributes (6ms)
				AfterProcessingInitializeOnLoad (2ms)
				EditorAssembliesLoaded (0ms)
			ExecutionOrderSort2 (0ms)
			AwakeInstancesAfterBackupRestoration (6ms)
Platform modules already initialized, skipping
Refreshing native plugins compatible for Editor in 0.62 ms, found 3 plugins.
Preloading 0 native plugins for Editor in 0.00 ms.
Unloading 3117 Unused Serialized files (Serialized files now loaded: 0)
System memory in use before: 139.3 MB.
System memory in use after: 139.5 MB.

Unloading 20 unused Assets to reduce memory usage. Loaded Objects now: 3621.
Total: 2.890200 ms (FindLiveObjects: 0.249200 ms CreateObjectMapping: 0.196700 ms MarkObjects: 2.418600 ms  DeleteObjects: 0.024700 ms)

AssetImportParameters requested are different than current active one (requested -> active):
  custom:framework-win-MediaFoundation: 216162199b28c13a410421893ffa2e32 -> 
  custom:video-decoder-ogg-theora: a1e56fd34408186e4bbccfd4996cb3dc -> 
  custom:container-muxer-webm: aa71ff27fc2769a1b78a27578f13a17b -> 
  custom:container-demuxer-webm: 4f35f7cbe854078d1ac9338744f61a02 -> 
  custom:container-demuxer-ogg: 62fdf1f143b41e24485cea50d1cbac27 -> 
  custom:video-encoder-webm-vp8: eb34c28f22e8b96e1ab97ce403110664 -> 
  custom:video-codec-MediaFoundation-h265: 746d11721c4dcdbdad8f713fa42b33f4 -> 
  custom:video-decoder-webm-vp8: 9c59270c3fd7afecdb556c50c9e8de78 -> 
  custom:audio-decoder-ogg-vorbis: bf7c407c2cedff20999df2af8eb42d56 -> 
  custom:audio-encoder-webm-vorbis: bf7c407c2cedff20999df2af8eb42d56 -> 
========================================================================
Received Import Request.
  Time since last request: 48.259375 seconds.
  path: Assets/Resources/Prefabs/UI/Panel/StartPanel.prefab
  artifactKey: Guid(6d588064692e9b4468af4bcf25bb0257) Importer(815301076,1909f56bfc062723c751e8b465ee728b)
Start importing Assets/Resources/Prefabs/UI/Panel/StartPanel.prefab using Guid(6d588064692e9b4468af4bcf25bb0257) Importer(815301076,1909f56bfc062723c751e8b465ee728b)  -> (artifact id: '17b51d299e5c5825deaedb3902b4598f') in 0.052948 seconds 
========================================================================
Received Import Request.
  Time since last request: 1.055032 seconds.
  path: Assets/Resources/Prefabs/UI/Panel/StartPanel.prefab
  artifactKey: Guid(6d588064692e9b4468af4bcf25bb0257) Importer(815301076,1909f56bfc062723c751e8b465ee728b)
Start importing Assets/Resources/Prefabs/UI/Panel/StartPanel.prefab using Guid(6d588064692e9b4468af4bcf25bb0257) Importer(815301076,1909f56bfc062723c751e8b465ee728b)  -> (artifact id: 'f8797ece2fa367f14463122101082da7') in 0.009002 seconds 
========================================================================
Received Import Request.
  Time since last request: 15.710255 seconds.
  path: Assets/Resources/Prefabs/UI/Panel/StartPanel.prefab
  artifactKey: Guid(6d588064692e9b4468af4bcf25bb0257) Importer(815301076,1909f56bfc062723c751e8b465ee728b)
Start importing Assets/Resources/Prefabs/UI/Panel/StartPanel.prefab using Guid(6d588064692e9b4468af4bcf25bb0257) Importer(815301076,1909f56bfc062723c751e8b465ee728b)  -> (artifact id: 'f2f23ef06b542d06a95b0c3125c5f584') in 0.009619 seconds 
========================================================================
Received Import Request.
  Time since last request: 5.981323 seconds.
  path: Assets/Resources/Prefabs/UI/Panel/StartPanel.prefab
  artifactKey: Guid(6d588064692e9b4468af4bcf25bb0257) Importer(815301076,1909f56bfc062723c751e8b465ee728b)
Start importing Assets/Resources/Prefabs/UI/Panel/StartPanel.prefab using Guid(6d588064692e9b4468af4bcf25bb0257) Importer(815301076,1909f56bfc062723c751e8b465ee728b)  -> (artifact id: '9cd1dc19b0801b01c4e9b206322ca4fe') in 0.009612 seconds 
========================================================================
Received Import Request.
  Time since last request: 69.981992 seconds.
  path: Assets/Resources/Prefabs/UI/Panel/StartPanel.prefab
  artifactKey: Guid(6d588064692e9b4468af4bcf25bb0257) Importer(815301076,1909f56bfc062723c751e8b465ee728b)
Start importing Assets/Resources/Prefabs/UI/Panel/StartPanel.prefab using Guid(6d588064692e9b4468af4bcf25bb0257) Importer(815301076,1909f56bfc062723c751e8b465ee728b)  -> (artifact id: '2f379de46ccd42d4657a2872a2eba1a7') in 0.008655 seconds 
========================================================================
Received Import Request.
  Time since last request: 9.135229 seconds.
  path: Assets/Resources/Prefabs/UI/Panel/StartPanel.prefab
  artifactKey: Guid(6d588064692e9b4468af4bcf25bb0257) Importer(815301076,1909f56bfc062723c751e8b465ee728b)
Start importing Assets/Resources/Prefabs/UI/Panel/StartPanel.prefab using Guid(6d588064692e9b4468af4bcf25bb0257) Importer(815301076,1909f56bfc062723c751e8b465ee728b)  -> (artifact id: '229d974424fd3f364b2365a2a60d13f5') in 0.009613 seconds 
========================================================================
Received Prepare
Registering precompiled user dll's ...
Registered in 0.004313 seconds.
Begin MonoManager ReloadAssembly
Symbol file LoadedFromMemory doesn't match image E:\Unity\3D Project\SunMaoQiaoJiang\Library\PackageCache\com.unity.visualscripting@1.6.1\Editor\VisualScripting.Core\Dependencies\YamlDotNet\Unity.VisualScripting.YamlDotNet.dll
Symbol file LoadedFromMemory doesn't match image E:\Unity\3D Project\SunMaoQiaoJiang\Library\PackageCache\com.unity.visualscripting@1.6.1\Editor\VisualScripting.Core\Dependencies\DotNetZip\Unity.VisualScripting.IonicZip.dll
Native extension for WindowsStandalone target not found
Refreshing native plugins compatible for Editor in 0.60 ms, found 3 plugins.
Preloading 0 native plugins for Editor in 0.00 ms.
Mono: successfully reloaded assembly
- Completed reload, in  0.986 seconds
Domain Reload Profiling:
	ReloadAssembly (986ms)
		BeginReloadAssembly (123ms)
			ExecutionOrderSort (0ms)
			DisableScriptedObjects (3ms)
			BackupInstance (0ms)
			ReleaseScriptingObjects (0ms)
			CreateAndSetChildDomain (30ms)
		EndReloadAssembly (816ms)
			LoadAssemblies (106ms)
			RebuildTransferFunctionScriptingTraits (0ms)
			SetupTypeCache (298ms)
			ReleaseScriptCaches (1ms)
			RebuildScriptCaches (36ms)
			SetupLoadedEditorAssemblies (320ms)
				LogAssemblyErrors (0ms)
				InitializePlatformSupportModulesInManaged (4ms)
				SetLoadedEditorAssemblies (0ms)
				RefreshPlugins (1ms)
				BeforeProcessingInitializeOnLoad (46ms)
				ProcessInitializeOnLoadAttributes (261ms)
				ProcessInitializeOnLoadMethodAttributes (5ms)
				AfterProcessingInitializeOnLoad (2ms)
				EditorAssembliesLoaded (0ms)
			ExecutionOrderSort2 (0ms)
			AwakeInstancesAfterBackupRestoration (6ms)
Platform modules already initialized, skipping
Refreshing native plugins compatible for Editor in 0.58 ms, found 3 plugins.
Preloading 0 native plugins for Editor in 0.00 ms.
Unloading 3117 Unused Serialized files (Serialized files now loaded: 0)
System memory in use before: 139.3 MB.
System memory in use after: 139.6 MB.

Unloading 20 unused Assets to reduce memory usage. Loaded Objects now: 3623.
Total: 3.053000 ms (FindLiveObjects: 0.212600 ms CreateObjectMapping: 0.141600 ms MarkObjects: 2.672700 ms  DeleteObjects: 0.025400 ms)

AssetImportParameters requested are different than current active one (requested -> active):
  custom:framework-win-MediaFoundation: 216162199b28c13a410421893ffa2e32 -> 
  custom:video-decoder-ogg-theora: a1e56fd34408186e4bbccfd4996cb3dc -> 
  custom:container-muxer-webm: aa71ff27fc2769a1b78a27578f13a17b -> 
  custom:container-demuxer-webm: 4f35f7cbe854078d1ac9338744f61a02 -> 
  custom:container-demuxer-ogg: 62fdf1f143b41e24485cea50d1cbac27 -> 
  custom:video-encoder-webm-vp8: eb34c28f22e8b96e1ab97ce403110664 -> 
  custom:video-codec-MediaFoundation-h265: 746d11721c4dcdbdad8f713fa42b33f4 -> 
  custom:video-decoder-webm-vp8: 9c59270c3fd7afecdb556c50c9e8de78 -> 
  custom:audio-decoder-ogg-vorbis: bf7c407c2cedff20999df2af8eb42d56 -> 
  custom:audio-encoder-webm-vorbis: bf7c407c2cedff20999df2af8eb42d56 -> 
========================================================================
Received Import Request.
  Time since last request: 15.339193 seconds.
  path: Assets/Resources/Prefabs/UI/Panel/StartPanel.prefab
  artifactKey: Guid(6d588064692e9b4468af4bcf25bb0257) Importer(815301076,1909f56bfc062723c751e8b465ee728b)
Start importing Assets/Resources/Prefabs/UI/Panel/StartPanel.prefab using Guid(6d588064692e9b4468af4bcf25bb0257) Importer(815301076,1909f56bfc062723c751e8b465ee728b)  -> (artifact id: '43ad1e760a967ac20efb1c85bbdc45fb') in 0.051339 seconds 
========================================================================
Received Prepare
Registering precompiled user dll's ...
Registered in 0.004332 seconds.
Begin MonoManager ReloadAssembly
Symbol file LoadedFromMemory doesn't match image E:\Unity\3D Project\SunMaoQiaoJiang\Library\PackageCache\com.unity.visualscripting@1.6.1\Editor\VisualScripting.Core\Dependencies\YamlDotNet\Unity.VisualScripting.YamlDotNet.dll
Symbol file LoadedFromMemory doesn't match image E:\Unity\3D Project\SunMaoQiaoJiang\Library\PackageCache\com.unity.visualscripting@1.6.1\Editor\VisualScripting.Core\Dependencies\DotNetZip\Unity.VisualScripting.IonicZip.dll
Native extension for WindowsStandalone target not found
Refreshing native plugins compatible for Editor in 0.58 ms, found 3 plugins.
Preloading 0 native plugins for Editor in 0.00 ms.
Mono: successfully reloaded assembly
- Completed reload, in  0.993 seconds
Domain Reload Profiling:
	ReloadAssembly (994ms)
		BeginReloadAssembly (134ms)
			ExecutionOrderSort (0ms)
			DisableScriptedObjects (4ms)
			BackupInstance (0ms)
			ReleaseScriptingObjects (0ms)
			CreateAndSetChildDomain (31ms)
		EndReloadAssembly (812ms)
			LoadAssemblies (113ms)
			RebuildTransferFunctionScriptingTraits (0ms)
			SetupTypeCache (289ms)
			ReleaseScriptCaches (1ms)
			RebuildScriptCaches (33ms)
			SetupLoadedEditorAssemblies (332ms)
				LogAssemblyErrors (0ms)
				InitializePlatformSupportModulesInManaged (4ms)
				SetLoadedEditorAssemblies (0ms)
				RefreshPlugins (1ms)
				BeforeProcessingInitializeOnLoad (45ms)
				ProcessInitializeOnLoadAttributes (273ms)
				ProcessInitializeOnLoadMethodAttributes (7ms)
				AfterProcessingInitializeOnLoad (2ms)
				EditorAssembliesLoaded (0ms)
			ExecutionOrderSort2 (0ms)
			AwakeInstancesAfterBackupRestoration (6ms)
Platform modules already initialized, skipping
Refreshing native plugins compatible for Editor in 0.59 ms, found 3 plugins.
Preloading 0 native plugins for Editor in 0.00 ms.
Unloading 3117 Unused Serialized files (Serialized files now loaded: 0)
System memory in use before: 139.3 MB.
System memory in use after: 139.6 MB.

Unloading 20 unused Assets to reduce memory usage. Loaded Objects now: 3625.
Total: 2.716100 ms (FindLiveObjects: 0.260200 ms CreateObjectMapping: 0.157700 ms MarkObjects: 2.275400 ms  DeleteObjects: 0.021800 ms)

AssetImportParameters requested are different than current active one (requested -> active):
  custom:framework-win-MediaFoundation: 216162199b28c13a410421893ffa2e32 -> 
  custom:video-decoder-ogg-theora: a1e56fd34408186e4bbccfd4996cb3dc -> 
  custom:container-muxer-webm: aa71ff27fc2769a1b78a27578f13a17b -> 
  custom:container-demuxer-webm: 4f35f7cbe854078d1ac9338744f61a02 -> 
  custom:container-demuxer-ogg: 62fdf1f143b41e24485cea50d1cbac27 -> 
  custom:video-encoder-webm-vp8: eb34c28f22e8b96e1ab97ce403110664 -> 
  custom:video-codec-MediaFoundation-h265: 746d11721c4dcdbdad8f713fa42b33f4 -> 
  custom:video-decoder-webm-vp8: 9c59270c3fd7afecdb556c50c9e8de78 -> 
  custom:audio-decoder-ogg-vorbis: bf7c407c2cedff20999df2af8eb42d56 -> 
  custom:audio-encoder-webm-vorbis: bf7c407c2cedff20999df2af8eb42d56 -> 
AssetImportWorkerClient::OnTransportError - code=2 error=End of file
