Using pre-set license
Built from '2021.1/china_unity/release' branch; Version is '2021.1.17f1c1 (214149e7f07b) revision 2179401'; Using compiler version '192528614'; Build Type 'Release'
OS: 'Windows 10 Pro; OS build 19045.4046; Version 2009; 64bit' Language: 'zh' Physical Memory: 16293 MB
BatchMode: 1, IsHumanControllingUs: 0, StartBugReporterOnCrash: 0, Is64bit: 1, IsPro: 0

 COMMAND LINE ARGUMENTS:
D:\Work\UnityHub\Editor\2021.1.17f1c1\Editor\Unity.exe
-adb2
-batchMode
-noUpm
-name
AssetImportWorker0
-projectPath
D:/Personal/Project/SunMaoGit
-logFile
Logs/AssetImportWorker0.log
-srvPort
5983
Successfully changed project path to: D:/Personal/Project/SunMaoGit
D:/Personal/Project/SunMaoGit
Using Asset Import Pipeline V2.
Refreshing native plugins compatible for Editor in 104.20 ms, found 3 plugins.
Preloading 0 native plugins for Editor in 0.00 ms.
Initialize engine version: 2021.1.17f1c1 (214149e7f07b)
[Subsystems] Discovering subsystems at path D:/Work/UnityHub/Editor/2021.1.17f1c1/Editor/Data/Resources/UnitySubsystems
[Subsystems] Discovering subsystems at path D:/Personal/Project/SunMaoGit/Assets
GfxDevice: creating device client; threaded=0; jobified=0
Direct3D:
    Version:  Direct3D 11.0 [level 11.1]
    Renderer: NVIDIA GeForce RTX 2060 (ID=0x1f08)
    Vendor:   NVIDIA
    VRAM:     5968 MB
    Driver:   31.0.15.3623
Initialize mono
Mono path[0] = 'D:/Work/UnityHub/Editor/2021.1.17f1c1/Editor/Data/Managed'
Mono path[1] = 'D:/Work/UnityHub/Editor/2021.1.17f1c1/Editor/Data/MonoBleedingEdge/lib/mono/unityjit'
Mono config path = 'D:/Work/UnityHub/Editor/2021.1.17f1c1/Editor/Data/MonoBleedingEdge/etc'
Using monoOptions --debugger-agent=transport=dt_socket,embedding=1,server=y,suspend=n,address=127.0.0.1:56772
Begin MonoManager ReloadAssembly
Registering precompiled unity dll's ...
Register platform support module: D:/Work/UnityHub/Editor/2021.1.17f1c1/Editor/Data/PlaybackEngines/WindowsStandaloneSupport/UnityEditor.WindowsStandalone.Extensions.dll
Registered in 0.001016 seconds.
Native extension for WindowsStandalone target not found
Refreshing native plugins compatible for Editor in 113.82 ms, found 3 plugins.
Preloading 0 native plugins for Editor in 0.00 ms.
Mono: successfully reloaded assembly
- Completed reload, in  2.068 seconds
Domain Reload Profiling:
	ReloadAssembly (2068ms)
		BeginReloadAssembly (78ms)
			ExecutionOrderSort (0ms)
			DisableScriptedObjects (0ms)
			BackupInstance (0ms)
			ReleaseScriptingObjects (0ms)
			CreateAndSetChildDomain (1ms)
		EndReloadAssembly (605ms)
			LoadAssemblies (76ms)
			RebuildTransferFunctionScriptingTraits (0ms)
			SetupTypeCache (223ms)
			ReleaseScriptCaches (0ms)
			RebuildScriptCaches (38ms)
			SetupLoadedEditorAssemblies (289ms)
				LogAssemblyErrors (0ms)
				InitializePlatformSupportModulesInManaged (7ms)
				SetLoadedEditorAssemblies (0ms)
				RefreshPlugins (114ms)
				BeforeProcessingInitializeOnLoad (1ms)
				ProcessInitializeOnLoadAttributes (128ms)
				ProcessInitializeOnLoadMethodAttributes (39ms)
				AfterProcessingInitializeOnLoad (0ms)
				EditorAssembliesLoaded (0ms)
			ExecutionOrderSort2 (0ms)
			AwakeInstancesAfterBackupRestoration (0ms)
Platform modules already initialized, skipping
Registering precompiled user dll's ...
Registered in 0.003942 seconds.
Begin MonoManager ReloadAssembly
Symbol file LoadedFromMemory doesn't match image D:\Personal\Project\SunMaoGit\Library\PackageCache\com.unity.visualscripting@1.6.1\Editor\VisualScripting.Core\Dependencies\YamlDotNet\Unity.VisualScripting.YamlDotNet.dll
Symbol file LoadedFromMemory doesn't match image D:\Personal\Project\SunMaoGit\Library\PackageCache\com.unity.visualscripting@1.6.1\Editor\VisualScripting.Core\Dependencies\DotNetZip\Unity.VisualScripting.IonicZip.dll
Native extension for WindowsStandalone target not found
Refreshing native plugins compatible for Editor in 1.13 ms, found 3 plugins.
Preloading 0 native plugins for Editor in 0.00 ms.
Mono: successfully reloaded assembly
- Completed reload, in  1.503 seconds
Domain Reload Profiling:
	ReloadAssembly (1504ms)
		BeginReloadAssembly (184ms)
			ExecutionOrderSort (0ms)
			DisableScriptedObjects (5ms)
			BackupInstance (0ms)
			ReleaseScriptingObjects (0ms)
			CreateAndSetChildDomain (27ms)
		EndReloadAssembly (1248ms)
			LoadAssemblies (123ms)
			RebuildTransferFunctionScriptingTraits (0ms)
			SetupTypeCache (428ms)
			ReleaseScriptCaches (1ms)
			RebuildScriptCaches (79ms)
			SetupLoadedEditorAssemblies (489ms)
				LogAssemblyErrors (0ms)
				InitializePlatformSupportModulesInManaged (9ms)
				SetLoadedEditorAssemblies (1ms)
				RefreshPlugins (1ms)
				BeforeProcessingInitializeOnLoad (105ms)
				ProcessInitializeOnLoadAttributes (361ms)
				ProcessInitializeOnLoadMethodAttributes (9ms)
				AfterProcessingInitializeOnLoad (2ms)
				EditorAssembliesLoaded (0ms)
			ExecutionOrderSort2 (0ms)
			AwakeInstancesAfterBackupRestoration (10ms)
Platform modules already initialized, skipping
========================================================================
Worker process is ready to serve import requests
Launched and connected shader compiler UnityShaderCompiler.exe after 0.07 seconds
Refreshing native plugins compatible for Editor in 1.26 ms, found 3 plugins.
Preloading 0 native plugins for Editor in 0.00 ms.
Unloading 3146 Unused Serialized files (Serialized files now loaded: 0)
System memory in use before: 211.7 MB.
System memory in use after: 211.9 MB.

Unloading 22 unused Assets to reduce memory usage. Loaded Objects now: 3596.
Total: 5.311300 ms (FindLiveObjects: 0.357500 ms CreateObjectMapping: 0.205200 ms MarkObjects: 4.609100 ms  DeleteObjects: 0.136900 ms)

AssetImportParameters requested are different than current active one (requested -> active):
  custom:framework-win-MediaFoundation: 216162199b28c13a410421893ffa2e32 -> 
  custom:video-decoder-ogg-theora: a1e56fd34408186e4bbccfd4996cb3dc -> 
  custom:container-muxer-webm: aa71ff27fc2769a1b78a27578f13a17b -> 
  custom:container-demuxer-webm: 4f35f7cbe854078d1ac9338744f61a02 -> 
  custom:container-demuxer-ogg: 62fdf1f143b41e24485cea50d1cbac27 -> 
  custom:video-encoder-webm-vp8: eb34c28f22e8b96e1ab97ce403110664 -> 
  custom:video-decoder-webm-vp8: 9c59270c3fd7afecdb556c50c9e8de78 -> 
  custom:audio-decoder-ogg-vorbis: bf7c407c2cedff20999df2af8eb42d56 -> 
  custom:audio-encoder-webm-vorbis: bf7c407c2cedff20999df2af8eb42d56 -> 
========================================================================
Received Import Request.
  path: Assets/Scripts/ModelController.cs
  artifactKey: Guid(3973755f18e7b8d45a4b72738425fb4b) Importer(815301076,1909f56bfc062723c751e8b465ee728b)
Start importing Assets/Scripts/ModelController.cs using Guid(3973755f18e7b8d45a4b72738425fb4b) Importer(815301076,1909f56bfc062723c751e8b465ee728b)  -> (artifact id: 'cb4bbb9be1f7cb44fa2182f05f085bc7') in 0.065350 seconds 
========================================================================
Received Prepare
Registering precompiled user dll's ...
Registered in 0.003550 seconds.
Begin MonoManager ReloadAssembly
Symbol file LoadedFromMemory doesn't match image D:\Personal\Project\SunMaoGit\Library\PackageCache\com.unity.visualscripting@1.6.1\Editor\VisualScripting.Core\Dependencies\YamlDotNet\Unity.VisualScripting.YamlDotNet.dll
Symbol file LoadedFromMemory doesn't match image D:\Personal\Project\SunMaoGit\Library\PackageCache\com.unity.visualscripting@1.6.1\Editor\VisualScripting.Core\Dependencies\DotNetZip\Unity.VisualScripting.IonicZip.dll
Native extension for WindowsStandalone target not found
Refreshing native plugins compatible for Editor in 0.82 ms, found 3 plugins.
Preloading 0 native plugins for Editor in 0.00 ms.
Mono: successfully reloaded assembly
- Completed reload, in  1.178 seconds
Domain Reload Profiling:
	ReloadAssembly (1179ms)
		BeginReloadAssembly (120ms)
			ExecutionOrderSort (0ms)
			DisableScriptedObjects (4ms)
			BackupInstance (0ms)
			ReleaseScriptingObjects (0ms)
			CreateAndSetChildDomain (42ms)
		EndReloadAssembly (1001ms)
			LoadAssemblies (92ms)
			RebuildTransferFunctionScriptingTraits (0ms)
			SetupTypeCache (362ms)
			ReleaseScriptCaches (1ms)
			RebuildScriptCaches (44ms)
			SetupLoadedEditorAssemblies (398ms)
				LogAssemblyErrors (0ms)
				InitializePlatformSupportModulesInManaged (5ms)
				SetLoadedEditorAssemblies (0ms)
				RefreshPlugins (1ms)
				BeforeProcessingInitializeOnLoad (56ms)
				ProcessInitializeOnLoadAttributes (324ms)
				ProcessInitializeOnLoadMethodAttributes (9ms)
				AfterProcessingInitializeOnLoad (2ms)
				EditorAssembliesLoaded (0ms)
			ExecutionOrderSort2 (0ms)
			AwakeInstancesAfterBackupRestoration (8ms)
Platform modules already initialized, skipping
Refreshing native plugins compatible for Editor in 1.14 ms, found 3 plugins.
Preloading 0 native plugins for Editor in 0.00 ms.
Unloading 3111 Unused Serialized files (Serialized files now loaded: 0)
System memory in use before: 208.7 MB.
System memory in use after: 209.0 MB.

Unloading 17 unused Assets to reduce memory usage. Loaded Objects now: 3598.
Total: 4.143600 ms (FindLiveObjects: 0.257900 ms CreateObjectMapping: 0.147000 ms MarkObjects: 3.713100 ms  DeleteObjects: 0.024400 ms)

AssetImportParameters requested are different than current active one (requested -> active):
  custom:framework-win-MediaFoundation: 216162199b28c13a410421893ffa2e32 -> 
  custom:video-decoder-ogg-theora: a1e56fd34408186e4bbccfd4996cb3dc -> 
  custom:container-muxer-webm: aa71ff27fc2769a1b78a27578f13a17b -> 
  custom:container-demuxer-webm: 4f35f7cbe854078d1ac9338744f61a02 -> 
  custom:container-demuxer-ogg: 62fdf1f143b41e24485cea50d1cbac27 -> 
  custom:video-encoder-webm-vp8: eb34c28f22e8b96e1ab97ce403110664 -> 
  custom:video-decoder-webm-vp8: 9c59270c3fd7afecdb556c50c9e8de78 -> 
  custom:audio-decoder-ogg-vorbis: bf7c407c2cedff20999df2af8eb42d56 -> 
  custom:audio-encoder-webm-vorbis: bf7c407c2cedff20999df2af8eb42d56 -> 
========================================================================
Received Prepare
Registering precompiled user dll's ...
Registered in 0.003431 seconds.
Begin MonoManager ReloadAssembly
Symbol file LoadedFromMemory doesn't match image D:\Personal\Project\SunMaoGit\Library\PackageCache\com.unity.visualscripting@1.6.1\Editor\VisualScripting.Core\Dependencies\YamlDotNet\Unity.VisualScripting.YamlDotNet.dll
Symbol file LoadedFromMemory doesn't match image D:\Personal\Project\SunMaoGit\Library\PackageCache\com.unity.visualscripting@1.6.1\Editor\VisualScripting.Core\Dependencies\DotNetZip\Unity.VisualScripting.IonicZip.dll
Native extension for WindowsStandalone target not found
Refreshing native plugins compatible for Editor in 0.90 ms, found 3 plugins.
Preloading 0 native plugins for Editor in 0.00 ms.
Mono: successfully reloaded assembly
- Completed reload, in  1.134 seconds
Domain Reload Profiling:
	ReloadAssembly (1134ms)
		BeginReloadAssembly (116ms)
			ExecutionOrderSort (0ms)
			DisableScriptedObjects (4ms)
			BackupInstance (0ms)
			ReleaseScriptingObjects (0ms)
			CreateAndSetChildDomain (40ms)
		EndReloadAssembly (961ms)
			LoadAssemblies (94ms)
			RebuildTransferFunctionScriptingTraits (0ms)
			SetupTypeCache (360ms)
			ReleaseScriptCaches (1ms)
			RebuildScriptCaches (41ms)
			SetupLoadedEditorAssemblies (368ms)
				LogAssemblyErrors (0ms)
				InitializePlatformSupportModulesInManaged (5ms)
				SetLoadedEditorAssemblies (0ms)
				RefreshPlugins (1ms)
				BeforeProcessingInitializeOnLoad (51ms)
				ProcessInitializeOnLoadAttributes (300ms)
				ProcessInitializeOnLoadMethodAttributes (8ms)
				AfterProcessingInitializeOnLoad (2ms)
				EditorAssembliesLoaded (0ms)
			ExecutionOrderSort2 (0ms)
			AwakeInstancesAfterBackupRestoration (7ms)
Platform modules already initialized, skipping
Refreshing native plugins compatible for Editor in 1.10 ms, found 3 plugins.
Preloading 0 native plugins for Editor in 0.00 ms.
Unloading 3111 Unused Serialized files (Serialized files now loaded: 0)
System memory in use before: 208.8 MB.
System memory in use after: 209.0 MB.

Unloading 17 unused Assets to reduce memory usage. Loaded Objects now: 3600.
Total: 3.387000 ms (FindLiveObjects: 0.245900 ms CreateObjectMapping: 0.139900 ms MarkObjects: 2.982300 ms  DeleteObjects: 0.017900 ms)

AssetImportParameters requested are different than current active one (requested -> active):
  custom:framework-win-MediaFoundation: 216162199b28c13a410421893ffa2e32 -> 
  custom:video-decoder-ogg-theora: a1e56fd34408186e4bbccfd4996cb3dc -> 
  custom:container-muxer-webm: aa71ff27fc2769a1b78a27578f13a17b -> 
  custom:container-demuxer-webm: 4f35f7cbe854078d1ac9338744f61a02 -> 
  custom:container-demuxer-ogg: 62fdf1f143b41e24485cea50d1cbac27 -> 
  custom:video-encoder-webm-vp8: eb34c28f22e8b96e1ab97ce403110664 -> 
  custom:video-decoder-webm-vp8: 9c59270c3fd7afecdb556c50c9e8de78 -> 
  custom:audio-decoder-ogg-vorbis: bf7c407c2cedff20999df2af8eb42d56 -> 
  custom:audio-encoder-webm-vorbis: bf7c407c2cedff20999df2af8eb42d56 -> 
========================================================================
Received Prepare
Registering precompiled user dll's ...
Registered in 0.004596 seconds.
Begin MonoManager ReloadAssembly
Symbol file LoadedFromMemory doesn't match image D:\Personal\Project\SunMaoGit\Library\PackageCache\com.unity.visualscripting@1.6.1\Editor\VisualScripting.Core\Dependencies\YamlDotNet\Unity.VisualScripting.YamlDotNet.dll
Symbol file LoadedFromMemory doesn't match image D:\Personal\Project\SunMaoGit\Library\PackageCache\com.unity.visualscripting@1.6.1\Editor\VisualScripting.Core\Dependencies\DotNetZip\Unity.VisualScripting.IonicZip.dll
Native extension for WindowsStandalone target not found
Refreshing native plugins compatible for Editor in 0.95 ms, found 3 plugins.
Preloading 0 native plugins for Editor in 0.00 ms.
Mono: successfully reloaded assembly
- Completed reload, in  1.684 seconds
Domain Reload Profiling:
	ReloadAssembly (1685ms)
		BeginReloadAssembly (178ms)
			ExecutionOrderSort (0ms)
			DisableScriptedObjects (5ms)
			BackupInstance (0ms)
			ReleaseScriptingObjects (0ms)
			CreateAndSetChildDomain (64ms)
		EndReloadAssembly (1428ms)
			LoadAssemblies (167ms)
			RebuildTransferFunctionScriptingTraits (0ms)
			SetupTypeCache (584ms)
			ReleaseScriptCaches (1ms)
			RebuildScriptCaches (47ms)
			SetupLoadedEditorAssemblies (501ms)
				LogAssemblyErrors (0ms)
				InitializePlatformSupportModulesInManaged (6ms)
				SetLoadedEditorAssemblies (1ms)
				RefreshPlugins (1ms)
				BeforeProcessingInitializeOnLoad (63ms)
				ProcessInitializeOnLoadAttributes (417ms)
				ProcessInitializeOnLoadMethodAttributes (11ms)
				AfterProcessingInitializeOnLoad (2ms)
				EditorAssembliesLoaded (0ms)
			ExecutionOrderSort2 (0ms)
			AwakeInstancesAfterBackupRestoration (9ms)
Platform modules already initialized, skipping
Refreshing native plugins compatible for Editor in 1.36 ms, found 3 plugins.
Preloading 0 native plugins for Editor in 0.00 ms.
Unloading 3111 Unused Serialized files (Serialized files now loaded: 0)
System memory in use before: 208.8 MB.
System memory in use after: 209.0 MB.

Unloading 17 unused Assets to reduce memory usage. Loaded Objects now: 3602.
Total: 5.943500 ms (FindLiveObjects: 0.349000 ms CreateObjectMapping: 0.416100 ms MarkObjects: 5.140500 ms  DeleteObjects: 0.036100 ms)

AssetImportParameters requested are different than current active one (requested -> active):
  custom:framework-win-MediaFoundation: 216162199b28c13a410421893ffa2e32 -> 
  custom:video-decoder-ogg-theora: a1e56fd34408186e4bbccfd4996cb3dc -> 
  custom:container-muxer-webm: aa71ff27fc2769a1b78a27578f13a17b -> 
  custom:container-demuxer-webm: 4f35f7cbe854078d1ac9338744f61a02 -> 
  custom:container-demuxer-ogg: 62fdf1f143b41e24485cea50d1cbac27 -> 
  custom:video-encoder-webm-vp8: eb34c28f22e8b96e1ab97ce403110664 -> 
  custom:video-decoder-webm-vp8: 9c59270c3fd7afecdb556c50c9e8de78 -> 
  custom:audio-decoder-ogg-vorbis: bf7c407c2cedff20999df2af8eb42d56 -> 
  custom:audio-encoder-webm-vorbis: bf7c407c2cedff20999df2af8eb42d56 -> 
========================================================================
Received Import Request.
  Time since last request: 9693.551232 seconds.
  path: Assets/Resources/Shader/OutLine.shader
  artifactKey: Guid(236bc0e7b80a2424983e771ec3c9193d) Importer(815301076,1909f56bfc062723c751e8b465ee728b)
Start importing Assets/Resources/Shader/OutLine.shader using Guid(236bc0e7b80a2424983e771ec3c9193d) Importer(815301076,1909f56bfc062723c751e8b465ee728b)  -> (artifact id: '38910f93b3c656f09475a5be4b5acd22') in 0.288755 seconds 
========================================================================
Received Import Request.
  Time since last request: 10.682776 seconds.
  path: Assets/Resources/Shader/OutLine.shader
  artifactKey: Guid(236bc0e7b80a2424983e771ec3c9193d) Importer(815301076,1909f56bfc062723c751e8b465ee728b)
Start importing Assets/Resources/Shader/OutLine.shader using Guid(236bc0e7b80a2424983e771ec3c9193d) Importer(815301076,1909f56bfc062723c751e8b465ee728b)  -> (artifact id: '2870d61e9ffd5120b90a868ea21fa95b') in 0.003324 seconds 
========================================================================
Received Import Request.
  Time since last request: 5207.969844 seconds.
  path: Assets/Resources/Shader/OutLine.shader
  artifactKey: Guid(236bc0e7b80a2424983e771ec3c9193d) Importer(815301076,1909f56bfc062723c751e8b465ee728b)
Start importing Assets/Resources/Shader/OutLine.shader using Guid(236bc0e7b80a2424983e771ec3c9193d) Importer(815301076,1909f56bfc062723c751e8b465ee728b)  -> (artifact id: 'fcbea4aa31fb16c8193d37fc0bf10826') in 0.006277 seconds 
========================================================================
Received Import Request.
  Time since last request: 244.335708 seconds.
  path: Assets/Resources/Models/Levels/01/C2_dark_Normal.png
  artifactKey: Guid(2c64ec9c6db3a2343adc3fab42387016) Importer(815301076,1909f56bfc062723c751e8b465ee728b)
Start importing Assets/Resources/Models/Levels/01/C2_dark_Normal.png using Guid(2c64ec9c6db3a2343adc3fab42387016) Importer(815301076,1909f56bfc062723c751e8b465ee728b)  -> (artifact id: '5880ebc5c00849640a8c781f2164bcc4') in 0.283240 seconds 
========================================================================
Received Import Request.
  Time since last request: 0.000367 seconds.
  path: Assets/Resources/Models/UIModel/mutou02_bump.jpg
  artifactKey: Guid(f79725fa7b9b9f1469d43c20f8f3633e) Importer(815301076,1909f56bfc062723c751e8b465ee728b)
Start importing Assets/Resources/Models/UIModel/mutou02_bump.jpg using Guid(f79725fa7b9b9f1469d43c20f8f3633e) Importer(815301076,1909f56bfc062723c751e8b465ee728b)  -> (artifact id: '46e82be87f389ed94f2157290b6d9f67') in 0.104496 seconds 
========================================================================
Received Import Request.
  Time since last request: 761.166025 seconds.
  path: Assets/Resources/Shader/OutLine.shader
  artifactKey: Guid(236bc0e7b80a2424983e771ec3c9193d) Importer(815301076,1909f56bfc062723c751e8b465ee728b)
Start importing Assets/Resources/Shader/OutLine.shader using Guid(236bc0e7b80a2424983e771ec3c9193d) Importer(815301076,1909f56bfc062723c751e8b465ee728b)  -> (artifact id: 'f65e761084adbdc94fd227751d1390cf') in 0.003259 seconds 
========================================================================
Received Import Request.
  Time since last request: 15.067032 seconds.
  path: Assets/Resources/Shader/OutLine.shader
  artifactKey: Guid(236bc0e7b80a2424983e771ec3c9193d) Importer(815301076,1909f56bfc062723c751e8b465ee728b)
Start importing Assets/Resources/Shader/OutLine.shader using Guid(236bc0e7b80a2424983e771ec3c9193d) Importer(815301076,1909f56bfc062723c751e8b465ee728b)  -> (artifact id: 'b44b428279384661dd3ee76b5459c3f5') in 0.002287 seconds 
========================================================================
Received Import Request.
  Time since last request: 72.553559 seconds.
  path: Assets/Resources/Shader/OutLine.shader
  artifactKey: Guid(236bc0e7b80a2424983e771ec3c9193d) Importer(815301076,1909f56bfc062723c751e8b465ee728b)
Start importing Assets/Resources/Shader/OutLine.shader using Guid(236bc0e7b80a2424983e771ec3c9193d) Importer(815301076,1909f56bfc062723c751e8b465ee728b)  -> (artifact id: '33326524ffcb06a03a5e9c893f8f9ed7') in 0.003430 seconds 
========================================================================
Received Import Request.
  Time since last request: 46.938008 seconds.
  path: Assets/Resources/Shader/OutLine.shader
  artifactKey: Guid(236bc0e7b80a2424983e771ec3c9193d) Importer(815301076,1909f56bfc062723c751e8b465ee728b)
Start importing Assets/Resources/Shader/OutLine.shader using Guid(236bc0e7b80a2424983e771ec3c9193d) Importer(815301076,1909f56bfc062723c751e8b465ee728b)  -> (artifact id: '876763189bf61e7b18916d95f9e0b774') in 0.004831 seconds 
========================================================================
Received Import Request.
  Time since last request: 7.061238 seconds.
  path: Assets/Resources/Shader/OutLine.shader
  artifactKey: Guid(236bc0e7b80a2424983e771ec3c9193d) Importer(815301076,1909f56bfc062723c751e8b465ee728b)
Start importing Assets/Resources/Shader/OutLine.shader using Guid(236bc0e7b80a2424983e771ec3c9193d) Importer(815301076,1909f56bfc062723c751e8b465ee728b)  -> (artifact id: '03641ce6c66fc8d8e2bfd4c98934aa00') in 0.004533 seconds 
========================================================================
Received Import Request.
  Time since last request: 30.610703 seconds.
  path: Assets/Resources/Shader/OutLine.shader
  artifactKey: Guid(236bc0e7b80a2424983e771ec3c9193d) Importer(815301076,1909f56bfc062723c751e8b465ee728b)
Start importing Assets/Resources/Shader/OutLine.shader using Guid(236bc0e7b80a2424983e771ec3c9193d) Importer(815301076,1909f56bfc062723c751e8b465ee728b)  -> (artifact id: 'ef5bd3b1201d1475ada6c2e5c0db92e6') in 0.002890 seconds 
========================================================================
Received Import Request.
  Time since last request: 487.721883 seconds.
  path: Assets/Resources/Shader/OutLine.shader
  artifactKey: Guid(236bc0e7b80a2424983e771ec3c9193d) Importer(815301076,1909f56bfc062723c751e8b465ee728b)
Start importing Assets/Resources/Shader/OutLine.shader using Guid(236bc0e7b80a2424983e771ec3c9193d) Importer(815301076,1909f56bfc062723c751e8b465ee728b)  -> (artifact id: '3bc5c043b96c4b1dba6e737a0cfc4d7c') in 0.002940 seconds 
========================================================================
Received Import Request.
  Time since last request: 5.469395 seconds.
  path: Assets/Resources/Shader/Outline.shader
  artifactKey: Guid(236bc0e7b80a2424983e771ec3c9193d) Importer(815301076,1909f56bfc062723c751e8b465ee728b)
Start importing Assets/Resources/Shader/Outline.shader using Guid(236bc0e7b80a2424983e771ec3c9193d) Importer(815301076,1909f56bfc062723c751e8b465ee728b)  -> (artifact id: 'cda2268a5e9ec0a1bb28c14df8bee733') in 0.003526 seconds 
========================================================================
Received Import Request.
  Time since last request: 111.660588 seconds.
  path: Assets/Resources/Shader/OutLine.shader
  artifactKey: Guid(236bc0e7b80a2424983e771ec3c9193d) Importer(815301076,1909f56bfc062723c751e8b465ee728b)
Start importing Assets/Resources/Shader/OutLine.shader using Guid(236bc0e7b80a2424983e771ec3c9193d) Importer(815301076,1909f56bfc062723c751e8b465ee728b)  -> (artifact id: 'd8ba8012b1a4070550817e1496029380') in 0.002467 seconds 
========================================================================
Received Import Request.
  Time since last request: 970.365136 seconds.
  path: Assets/Resources/Models/Levels/01/DynamicDrawWireFrame.cs
  artifactKey: Guid(9a6bfb7374af11c47adac045f0859274) Importer(815301076,1909f56bfc062723c751e8b465ee728b)
Start importing Assets/Resources/Models/Levels/01/DynamicDrawWireFrame.cs using Guid(9a6bfb7374af11c47adac045f0859274) Importer(815301076,1909f56bfc062723c751e8b465ee728b)  -> (artifact id: '77e981cb54ab7d72262a4f9d30b93557') in 0.002987 seconds 
========================================================================
Received Prepare
Registering precompiled user dll's ...
Registered in 0.003829 seconds.
Begin MonoManager ReloadAssembly
Symbol file LoadedFromMemory doesn't match image D:\Personal\Project\SunMaoGit\Library\PackageCache\com.unity.visualscripting@1.6.1\Editor\VisualScripting.Core\Dependencies\YamlDotNet\Unity.VisualScripting.YamlDotNet.dll
Symbol file LoadedFromMemory doesn't match image D:\Personal\Project\SunMaoGit\Library\PackageCache\com.unity.visualscripting@1.6.1\Editor\VisualScripting.Core\Dependencies\DotNetZip\Unity.VisualScripting.IonicZip.dll
Native extension for WindowsStandalone target not found
Refreshing native plugins compatible for Editor in 0.67 ms, found 3 plugins.
Preloading 0 native plugins for Editor in 0.00 ms.
Mono: successfully reloaded assembly
- Completed reload, in  1.413 seconds
Domain Reload Profiling:
	ReloadAssembly (1413ms)
		BeginReloadAssembly (292ms)
			ExecutionOrderSort (0ms)
			DisableScriptedObjects (14ms)
			BackupInstance (0ms)
			ReleaseScriptingObjects (0ms)
			CreateAndSetChildDomain (150ms)
		EndReloadAssembly (1058ms)
			LoadAssemblies (137ms)
			RebuildTransferFunctionScriptingTraits (0ms)
			SetupTypeCache (396ms)
			ReleaseScriptCaches (2ms)
			RebuildScriptCaches (42ms)
			SetupLoadedEditorAssemblies (390ms)
				LogAssemblyErrors (0ms)
				InitializePlatformSupportModulesInManaged (5ms)
				SetLoadedEditorAssemblies (1ms)
				RefreshPlugins (1ms)
				BeforeProcessingInitializeOnLoad (54ms)
				ProcessInitializeOnLoadAttributes (321ms)
				ProcessInitializeOnLoadMethodAttributes (7ms)
				AfterProcessingInitializeOnLoad (2ms)
				EditorAssembliesLoaded (0ms)
			ExecutionOrderSort2 (0ms)
			AwakeInstancesAfterBackupRestoration (15ms)
Platform modules already initialized, skipping
Refreshing native plugins compatible for Editor in 1.27 ms, found 3 plugins.
Preloading 0 native plugins for Editor in 0.00 ms.
Unloading 3115 Unused Serialized files (Serialized files now loaded: 0)
System memory in use before: 220.6 MB.
System memory in use after: 220.6 MB.

Unloading 18 unused Assets to reduce memory usage. Loaded Objects now: 3639.
Total: 3.805000 ms (FindLiveObjects: 0.250900 ms CreateObjectMapping: 0.150500 ms MarkObjects: 3.221300 ms  DeleteObjects: 0.181200 ms)

AssetImportParameters requested are different than current active one (requested -> active):
  custom:framework-win-MediaFoundation: 216162199b28c13a410421893ffa2e32 -> 
  custom:video-decoder-ogg-theora: a1e56fd34408186e4bbccfd4996cb3dc -> 
  custom:container-muxer-webm: aa71ff27fc2769a1b78a27578f13a17b -> 
  custom:container-demuxer-webm: 4f35f7cbe854078d1ac9338744f61a02 -> 
  custom:container-demuxer-ogg: 62fdf1f143b41e24485cea50d1cbac27 -> 
  custom:video-encoder-webm-vp8: eb34c28f22e8b96e1ab97ce403110664 -> 
  custom:video-decoder-webm-vp8: 9c59270c3fd7afecdb556c50c9e8de78 -> 
  custom:audio-decoder-ogg-vorbis: bf7c407c2cedff20999df2af8eb42d56 -> 
  custom:audio-encoder-webm-vorbis: bf7c407c2cedff20999df2af8eb42d56 -> 
========================================================================
Received Import Request.
  Time since last request: 34.907345 seconds.
  path: Assets/Resources/Models/Levels/01/DynamicDrawWireFrame.cs
  artifactKey: Guid(9a6bfb7374af11c47adac045f0859274) Importer(815301076,1909f56bfc062723c751e8b465ee728b)
Start importing Assets/Resources/Models/Levels/01/DynamicDrawWireFrame.cs using Guid(9a6bfb7374af11c47adac045f0859274) Importer(815301076,1909f56bfc062723c751e8b465ee728b)  -> (artifact id: '3d415093fe63aed762da3bb79bfb06d0') in 0.006762 seconds 
========================================================================
Received Import Request.
  Time since last request: 42.772740 seconds.
  path: Assets/Resources/Models/Levels/01/DynamicDrawWireFrame.cs
  artifactKey: Guid(9a6bfb7374af11c47adac045f0859274) Importer(815301076,1909f56bfc062723c751e8b465ee728b)
Start importing Assets/Resources/Models/Levels/01/DynamicDrawWireFrame.cs using Guid(9a6bfb7374af11c47adac045f0859274) Importer(815301076,1909f56bfc062723c751e8b465ee728b)  -> (artifact id: '4f43da6d3412cfa8d8e416da215ac36a') in 0.001935 seconds 
========================================================================
Received Import Request.
  Time since last request: 1242.260401 seconds.
  path: Assets/Resources/Models/Levels/01/DynamicDrawWireFrame.cs
  artifactKey: Guid(9a6bfb7374af11c47adac045f0859274) Importer(815301076,1909f56bfc062723c751e8b465ee728b)
Start importing Assets/Resources/Models/Levels/01/DynamicDrawWireFrame.cs using Guid(9a6bfb7374af11c47adac045f0859274) Importer(815301076,1909f56bfc062723c751e8b465ee728b)  -> (artifact id: 'a1cd8dfaa7827e1b2bbb072457943298') in 0.003519 seconds 
========================================================================
Received Import Request.
  Time since last request: 25.096283 seconds.
  path: Assets/Resources/Models/Levels/01/Model01.prefab
  artifactKey: Guid(4c2df1692510e7942b6b4796061c266b) Importer(815301076,1909f56bfc062723c751e8b465ee728b)
Start importing Assets/Resources/Models/Levels/01/Model01.prefab using Guid(4c2df1692510e7942b6b4796061c266b) Importer(815301076,1909f56bfc062723c751e8b465ee728b)  -> (artifact id: 'c83773fec4b8dea0764021fc42f9dc7f') in 0.220050 seconds 
========================================================================
Received Import Request.
  Time since last request: 13.833512 seconds.
  path: Assets/Resources/Models/Levels/01/NewBehaviourScript.cs
  artifactKey: Guid(e59332ed4b2903a49803ea4c41ffe2c7) Importer(815301076,1909f56bfc062723c751e8b465ee728b)
Start importing Assets/Resources/Models/Levels/01/NewBehaviourScript.cs using Guid(e59332ed4b2903a49803ea4c41ffe2c7) Importer(815301076,1909f56bfc062723c751e8b465ee728b)  -> (artifact id: '76e039e632bfcb110c702fad1d7ad3be') in 0.002765 seconds 
========================================================================
Received Import Request.
  Time since last request: 17.799721 seconds.
  path: Assets/Resources/Models/Levels/01/DegradedRectangle.cs
  artifactKey: Guid(e59332ed4b2903a49803ea4c41ffe2c7) Importer(815301076,1909f56bfc062723c751e8b465ee728b)
Start importing Assets/Resources/Models/Levels/01/DegradedRectangle.cs using Guid(e59332ed4b2903a49803ea4c41ffe2c7) Importer(815301076,1909f56bfc062723c751e8b465ee728b)  -> (artifact id: '059553c2a05f3a08d78e203675406f6a') in 0.024922 seconds 
========================================================================
Received Import Request.
  Time since last request: 9.582448 seconds.
  path: Assets/Resources/Models/Levels/01/DegradedRectangle.cs
  artifactKey: Guid(e59332ed4b2903a49803ea4c41ffe2c7) Importer(815301076,1909f56bfc062723c751e8b465ee728b)
Start importing Assets/Resources/Models/Levels/01/DegradedRectangle.cs using Guid(e59332ed4b2903a49803ea4c41ffe2c7) Importer(815301076,1909f56bfc062723c751e8b465ee728b)  -> (artifact id: 'f26b2d2805132050b36b6b8b56f56cc5') in 0.011452 seconds 
========================================================================
Received Prepare
Registering precompiled user dll's ...
Registered in 0.052461 seconds.
Begin MonoManager ReloadAssembly
Symbol file LoadedFromMemory doesn't match image D:\Personal\Project\SunMaoGit\Library\PackageCache\com.unity.visualscripting@1.6.1\Editor\VisualScripting.Core\Dependencies\YamlDotNet\Unity.VisualScripting.YamlDotNet.dll
Symbol file LoadedFromMemory doesn't match image D:\Personal\Project\SunMaoGit\Library\PackageCache\com.unity.visualscripting@1.6.1\Editor\VisualScripting.Core\Dependencies\DotNetZip\Unity.VisualScripting.IonicZip.dll
Native extension for WindowsStandalone target not found
Refreshing native plugins compatible for Editor in 0.85 ms, found 3 plugins.
Preloading 0 native plugins for Editor in 0.00 ms.
Mono: successfully reloaded assembly
- Completed reload, in  1.257 seconds
Domain Reload Profiling:
	ReloadAssembly (1258ms)
		BeginReloadAssembly (140ms)
			ExecutionOrderSort (0ms)
			DisableScriptedObjects (5ms)
			BackupInstance (0ms)
			ReleaseScriptingObjects (0ms)
			CreateAndSetChildDomain (46ms)
		EndReloadAssembly (1058ms)
			LoadAssemblies (110ms)
			RebuildTransferFunctionScriptingTraits (0ms)
			SetupTypeCache (381ms)
			ReleaseScriptCaches (1ms)
			RebuildScriptCaches (44ms)
			SetupLoadedEditorAssemblies (410ms)
				LogAssemblyErrors (0ms)
				InitializePlatformSupportModulesInManaged (5ms)
				SetLoadedEditorAssemblies (0ms)
				RefreshPlugins (1ms)
				BeforeProcessingInitializeOnLoad (54ms)
				ProcessInitializeOnLoadAttributes (339ms)
				ProcessInitializeOnLoadMethodAttributes (8ms)
				AfterProcessingInitializeOnLoad (3ms)
				EditorAssembliesLoaded (0ms)
			ExecutionOrderSort2 (0ms)
			AwakeInstancesAfterBackupRestoration (15ms)
Platform modules already initialized, skipping
Refreshing native plugins compatible for Editor in 0.72 ms, found 3 plugins.
Preloading 0 native plugins for Editor in 0.00 ms.
Unloading 3114 Unused Serialized files (Serialized files now loaded: 0)
System memory in use before: 221.2 MB.
System memory in use after: 221.2 MB.

Unloading 18 unused Assets to reduce memory usage. Loaded Objects now: 3647.
Total: 4.434800 ms (FindLiveObjects: 0.324500 ms CreateObjectMapping: 0.236100 ms MarkObjects: 3.694200 ms  DeleteObjects: 0.178800 ms)

AssetImportParameters requested are different than current active one (requested -> active):
  custom:framework-win-MediaFoundation: 216162199b28c13a410421893ffa2e32 -> 
  custom:video-decoder-ogg-theora: a1e56fd34408186e4bbccfd4996cb3dc -> 
  custom:container-muxer-webm: aa71ff27fc2769a1b78a27578f13a17b -> 
  custom:container-demuxer-webm: 4f35f7cbe854078d1ac9338744f61a02 -> 
  custom:container-demuxer-ogg: 62fdf1f143b41e24485cea50d1cbac27 -> 
  custom:video-encoder-webm-vp8: eb34c28f22e8b96e1ab97ce403110664 -> 
  custom:video-decoder-webm-vp8: 9c59270c3fd7afecdb556c50c9e8de78 -> 
  custom:audio-decoder-ogg-vorbis: bf7c407c2cedff20999df2af8eb42d56 -> 
  custom:audio-encoder-webm-vorbis: bf7c407c2cedff20999df2af8eb42d56 -> 
AssetImportWorkerClient::OnTransportError - code=2 error=End of file
